This is pdfTeX, Version 3.14159265-2.6-1.40.20 (TeX Live 2019/NixOS.org) (preloaded format=pdflatex 2020.10.4)  18 OCT 2020 15:03
entering extended mode
 restricted \write18 enabled.
 %&-line parsing enabled.
**pres.tex
(./pres.tex
LaTeX2e <2020-02-02> patch level 5
L3 programming layer <2020-02-25>
(/nix/store/xpyyls9lgphkaddin0knmlrjqpb14pf4-texlive-combined-full-2019/share/t
exmf/tex/latex/beamer/beamer.cls
Document Class: beamer 2019/09/29 v3.57 A class for typesetting presentations

(/nix/store/xpyyls9lgphkaddin0knmlrjqpb14pf4-texlive-combined-full-2019/share/t
exmf/tex/latex/beamer/beamerbasemodes.sty
(/nix/store/xpyyls9lgphkaddin0knmlrjqpb14pf4-texlive-combined-full-2019/share/t
exmf/tex/latex/etoolbox/etoolbox.sty
Package: etoolbox 2019/09/21 v2.5h e-TeX tools for LaTeX (JAW)
\etb@tempcnta=\count167
)
\beamer@tempbox=\box45
\beamer@tempcount=\count168
\c@beamerpauses=\count169

(/nix/store/xpyyls9lgphkaddin0knmlrjqpb14pf4-texlive-combined-full-2019/share/t
exmf/tex/latex/beamer/beamerbasedecode.sty
\beamer@slideinframe=\count170
\beamer@minimum=\count171
\beamer@decode@box=\box46
)
\beamer@commentbox=\box47
\beamer@modecount=\count172
)
(/nix/store/xpyyls9lgphkaddin0knmlrjqpb14pf4-texlive-combined-full-2019/share/t
exmf/tex/generic/iftex/ifpdf.sty
Package: ifpdf 2019/10/25 v3.4 ifpdf legacy package. Use iftex instead.

(/nix/store/xpyyls9lgphkaddin0knmlrjqpb14pf4-texlive-combined-full-2019/share/t
exmf/tex/generic/iftex/iftex.sty
Package: iftex 2019/11/07 v1.0c TeX engine tests
))
\headdp=\dimen134
\footheight=\dimen135
\sidebarheight=\dimen136
\beamer@tempdim=\dimen137
\beamer@finalheight=\dimen138
\beamer@animht=\dimen139
\beamer@animdp=\dimen140
\beamer@animwd=\dimen141
\beamer@leftmargin=\dimen142
\beamer@rightmargin=\dimen143
\beamer@leftsidebar=\dimen144
\beamer@rightsidebar=\dimen145
\beamer@boxsize=\dimen146
\beamer@vboxoffset=\dimen147
\beamer@descdefault=\dimen148
\beamer@descriptionwidth=\dimen149
\beamer@lastskip=\skip47
\beamer@areabox=\box48
\beamer@animcurrent=\box49
\beamer@animshowbox=\box50
\beamer@sectionbox=\box51
\beamer@logobox=\box52
\beamer@linebox=\box53
\beamer@sectioncount=\count173
\beamer@subsubsectionmax=\count174
\beamer@subsectionmax=\count175
\beamer@sectionmax=\count176
\beamer@totalheads=\count177
\beamer@headcounter=\count178
\beamer@partstartpage=\count179
\beamer@sectionstartpage=\count180
\beamer@subsectionstartpage=\count181
\beamer@animationtempa=\count182
\beamer@animationtempb=\count183
\beamer@xpos=\count184
\beamer@ypos=\count185
\beamer@ypos@offset=\count186
\beamer@showpartnumber=\count187
\beamer@currentsubsection=\count188
\beamer@coveringdepth=\count189
\beamer@sectionadjust=\count190
\beamer@tocsectionnumber=\count191

(/nix/store/xpyyls9lgphkaddin0knmlrjqpb14pf4-texlive-combined-full-2019/share/t
exmf/tex/latex/beamer/beamerbaseoptions.sty
(/nix/store/xpyyls9lgphkaddin0knmlrjqpb14pf4-texlive-combined-full-2019/share/t
exmf/tex/latex/graphics/keyval.sty
Package: keyval 2014/10/28 v1.15 key=value parser (DPC)
\KV@toks@=\toks15
))
\beamer@paperwidth=\skip48
\beamer@paperheight=\skip49

(/nix/store/xpyyls9lgphkaddin0knmlrjqpb14pf4-texlive-combined-full-2019/share/t
exmf/tex/latex/geometry/geometry.sty
Package: geometry 2020/01/02 v5.9 Page Geometry

(/nix/store/xpyyls9lgphkaddin0knmlrjqpb14pf4-texlive-combined-full-2019/share/t
exmf/tex/generic/iftex/ifvtex.sty
Package: ifvtex 2019/10/25 v1.7 ifvtex legacy package. Use iftex instead.
)
\Gm@cnth=\count192
\Gm@cntv=\count193
\c@Gm@tempcnt=\count194
\Gm@bindingoffset=\dimen150
\Gm@wd@mp=\dimen151
\Gm@odd@mp=\dimen152
\Gm@even@mp=\dimen153
\Gm@layoutwidth=\dimen154
\Gm@layoutheight=\dimen155
\Gm@layouthoffset=\dimen156
\Gm@layoutvoffset=\dimen157
\Gm@dimlist=\toks16
)
(/nix/store/xpyyls9lgphkaddin0knmlrjqpb14pf4-texlive-combined-full-2019/share/t
exmf/tex/latex/base/size11.clo
File: size11.clo 2019/12/20 v1.4l Standard LaTeX file (size option)
)
(/nix/store/xpyyls9lgphkaddin0knmlrjqpb14pf4-texlive-combined-full-2019/share/t
exmf/tex/latex/pgf/basiclayer/pgfcore.sty
(/nix/store/xpyyls9lgphkaddin0knmlrjqpb14pf4-texlive-combined-full-2019/share/t
exmf/tex/latex/graphics/graphicx.sty
Package: graphicx 2019/11/30 v1.2a Enhanced LaTeX Graphics (DPC,SPQR)

(/nix/store/xpyyls9lgphkaddin0knmlrjqpb14pf4-texlive-combined-full-2019/share/t
exmf/tex/latex/graphics/graphics.sty
Package: graphics 2019/11/30 v1.4a Standard LaTeX Graphics (DPC,SPQR)

(/nix/store/xpyyls9lgphkaddin0knmlrjqpb14pf4-texlive-combined-full-2019/share/t
exmf/tex/latex/graphics/trig.sty
Package: trig 2016/01/03 v1.10 sin cos tan (DPC)
)
(/nix/store/xpyyls9lgphkaddin0knmlrjqpb14pf4-texlive-combined-full-2019/share/t
exmf/tex/latex/graphics-cfg/graphics.cfg
File: graphics.cfg 2016/06/04 v1.11 sample graphics configuration
)
Package graphics Info: Driver file: pdftex.def on input line 105.

(/nix/store/xpyyls9lgphkaddin0knmlrjqpb14pf4-texlive-combined-full-2019/share/t
exmf/tex/latex/graphics-def/pdftex.def
File: pdftex.def 2018/01/08 v1.0l Graphics/color driver for pdftex
))
\Gin@req@height=\dimen158
\Gin@req@width=\dimen159
)
(/nix/store/xpyyls9lgphkaddin0knmlrjqpb14pf4-texlive-combined-full-2019/share/t
exmf/tex/latex/pgf/systemlayer/pgfsys.sty
(/nix/store/xpyyls9lgphkaddin0knmlrjqpb14pf4-texlive-combined-full-2019/share/t
exmf/tex/latex/pgf/utilities/pgfrcs.sty
(/nix/store/xpyyls9lgphkaddin0knmlrjqpb14pf4-texlive-combined-full-2019/share/t
exmf/tex/generic/pgf/utilities/pgfutil-common.tex
\pgfutil@everybye=\toks17
\pgfutil@tempdima=\dimen160
\pgfutil@tempdimb=\dimen161

(/nix/store/xpyyls9lgphkaddin0knmlrjqpb14pf4-texlive-combined-full-2019/share/t
exmf/tex/generic/pgf/utilities/pgfutil-common-lists.tex))
(/nix/store/xpyyls9lgphkaddin0knmlrjqpb14pf4-texlive-combined-full-2019/share/t
exmf/tex/generic/pgf/utilities/pgfutil-latex.def
\pgfutil@abb=\box54

(/nix/store/xpyyls9lgphkaddin0knmlrjqpb14pf4-texlive-combined-full-2019/share/t
exmf/tex/latex/ms/everyshi.sty
Package: everyshi 2001/05/15 v3.00 EveryShipout Package (MS)
))
(/nix/store/xpyyls9lgphkaddin0knmlrjqpb14pf4-texlive-combined-full-2019/share/t
exmf/tex/generic/pgf/utilities/pgfrcs.code.tex
(/nix/store/xpyyls9lgphkaddin0knmlrjqpb14pf4-texlive-combined-full-2019/share/t
exmf/tex/generic/pgf/pgf.revision.tex)
Package: pgfrcs 2020/01/08 v3.1.5b (3.1.5b)
))
(/nix/store/xpyyls9lgphkaddin0knmlrjqpb14pf4-texlive-combined-full-2019/share/t
exmf/tex/generic/pgf/systemlayer/pgfsys.code.tex
Package: pgfsys 2020/01/08 v3.1.5b (3.1.5b)

(/nix/store/xpyyls9lgphkaddin0knmlrjqpb14pf4-texlive-combined-full-2019/share/t
exmf/tex/generic/pgf/utilities/pgfkeys.code.tex
\pgfkeys@pathtoks=\toks18
\pgfkeys@temptoks=\toks19

(/nix/store/xpyyls9lgphkaddin0knmlrjqpb14pf4-texlive-combined-full-2019/share/t
exmf/tex/generic/pgf/utilities/pgfkeysfiltered.code.tex
\pgfkeys@tmptoks=\toks20
))
\pgf@x=\dimen162
\pgf@y=\dimen163
\pgf@xa=\dimen164
\pgf@ya=\dimen165
\pgf@xb=\dimen166
\pgf@yb=\dimen167
\pgf@xc=\dimen168
\pgf@yc=\dimen169
\pgf@xd=\dimen170
\pgf@yd=\dimen171
\w@pgf@writea=\write3
\r@pgf@reada=\read2
\c@pgf@counta=\count195
\c@pgf@countb=\count196
\c@pgf@countc=\count197
\c@pgf@countd=\count198
\t@pgf@toka=\toks21
\t@pgf@tokb=\toks22
\t@pgf@tokc=\toks23
\pgf@sys@id@count=\count199

(/nix/store/xpyyls9lgphkaddin0knmlrjqpb14pf4-texlive-combined-full-2019/share/t
exmf/tex/generic/pgf/systemlayer/pgf.cfg
File: pgf.cfg 2020/01/08 v3.1.5b (3.1.5b)
)
Driver file for pgf: pgfsys-pdftex.def

(/nix/store/xpyyls9lgphkaddin0knmlrjqpb14pf4-texlive-combined-full-2019/share/t
exmf/tex/generic/pgf/systemlayer/pgfsys-pdftex.def
File: pgfsys-pdftex.def 2020/01/08 v3.1.5b (3.1.5b)

(/nix/store/xpyyls9lgphkaddin0knmlrjqpb14pf4-texlive-combined-full-2019/share/t
exmf/tex/generic/pgf/systemlayer/pgfsys-common-pdf.def
File: pgfsys-common-pdf.def 2020/01/08 v3.1.5b (3.1.5b)
)))
(/nix/store/xpyyls9lgphkaddin0knmlrjqpb14pf4-texlive-combined-full-2019/share/t
exmf/tex/generic/pgf/systemlayer/pgfsyssoftpath.code.tex
File: pgfsyssoftpath.code.tex 2020/01/08 v3.1.5b (3.1.5b)
\pgfsyssoftpath@smallbuffer@items=\count266
\pgfsyssoftpath@bigbuffer@items=\count267
)
(/nix/store/xpyyls9lgphkaddin0knmlrjqpb14pf4-texlive-combined-full-2019/share/t
exmf/tex/generic/pgf/systemlayer/pgfsysprotocol.code.tex
File: pgfsysprotocol.code.tex 2020/01/08 v3.1.5b (3.1.5b)
))
(/nix/store/xpyyls9lgphkaddin0knmlrjqpb14pf4-texlive-combined-full-2019/share/t
exmf/tex/latex/xcolor/xcolor.sty
Package: xcolor 2016/05/11 v2.12 LaTeX color extensions (UK)

(/nix/store/xpyyls9lgphkaddin0knmlrjqpb14pf4-texlive-combined-full-2019/share/t
exmf/tex/latex/graphics-cfg/color.cfg
File: color.cfg 2016/01/02 v1.6 sample color configuration
)
Package xcolor Info: Driver file: pdftex.def on input line 225.
Package xcolor Info: Model `cmy' substituted by `cmy0' on input line 1348.
Package xcolor Info: Model `hsb' substituted by `rgb' on input line 1352.
Package xcolor Info: Model `RGB' extended on input line 1364.
Package xcolor Info: Model `HTML' substituted by `rgb' on input line 1366.
Package xcolor Info: Model `Hsb' substituted by `hsb' on input line 1367.
Package xcolor Info: Model `tHsb' substituted by `hsb' on input line 1368.
Package xcolor Info: Model `HSB' substituted by `hsb' on input line 1369.
Package xcolor Info: Model `Gray' substituted by `gray' on input line 1370.
Package xcolor Info: Model `wave' substituted by `hsb' on input line 1371.
)
(/nix/store/xpyyls9lgphkaddin0knmlrjqpb14pf4-texlive-combined-full-2019/share/t
exmf/tex/generic/pgf/basiclayer/pgfcore.code.tex
Package: pgfcore 2020/01/08 v3.1.5b (3.1.5b)

(/nix/store/xpyyls9lgphkaddin0knmlrjqpb14pf4-texlive-combined-full-2019/share/t
exmf/tex/generic/pgf/math/pgfmath.code.tex
(/nix/store/xpyyls9lgphkaddin0knmlrjqpb14pf4-texlive-combined-full-2019/share/t
exmf/tex/generic/pgf/math/pgfmathcalc.code.tex
(/nix/store/xpyyls9lgphkaddin0knmlrjqpb14pf4-texlive-combined-full-2019/share/t
exmf/tex/generic/pgf/math/pgfmathutil.code.tex)
(/nix/store/xpyyls9lgphkaddin0knmlrjqpb14pf4-texlive-combined-full-2019/share/t
exmf/tex/generic/pgf/math/pgfmathparser.code.tex
\pgfmath@dimen=\dimen172
\pgfmath@count=\count268
\pgfmath@box=\box55
\pgfmath@toks=\toks24
\pgfmath@stack@operand=\toks25
\pgfmath@stack@operation=\toks26
)
(/nix/store/xpyyls9lgphkaddin0knmlrjqpb14pf4-texlive-combined-full-2019/share/t
exmf/tex/generic/pgf/math/pgfmathfunctions.code.tex
(/nix/store/xpyyls9lgphkaddin0knmlrjqpb14pf4-texlive-combined-full-2019/share/t
exmf/tex/generic/pgf/math/pgfmathfunctions.basic.code.tex)
(/nix/store/xpyyls9lgphkaddin0knmlrjqpb14pf4-texlive-combined-full-2019/share/t
exmf/tex/generic/pgf/math/pgfmathfunctions.trigonometric.code.tex)
(/nix/store/xpyyls9lgphkaddin0knmlrjqpb14pf4-texlive-combined-full-2019/share/t
exmf/tex/generic/pgf/math/pgfmathfunctions.random.code.tex)
(/nix/store/xpyyls9lgphkaddin0knmlrjqpb14pf4-texlive-combined-full-2019/share/t
exmf/tex/generic/pgf/math/pgfmathfunctions.comparison.code.tex)
(/nix/store/xpyyls9lgphkaddin0knmlrjqpb14pf4-texlive-combined-full-2019/share/t
exmf/tex/generic/pgf/math/pgfmathfunctions.base.code.tex)
(/nix/store/xpyyls9lgphkaddin0knmlrjqpb14pf4-texlive-combined-full-2019/share/t
exmf/tex/generic/pgf/math/pgfmathfunctions.round.code.tex)
(/nix/store/xpyyls9lgphkaddin0knmlrjqpb14pf4-texlive-combined-full-2019/share/t
exmf/tex/generic/pgf/math/pgfmathfunctions.misc.code.tex)
(/nix/store/xpyyls9lgphkaddin0knmlrjqpb14pf4-texlive-combined-full-2019/share/t
exmf/tex/generic/pgf/math/pgfmathfunctions.integerarithmetics.code.tex)))
(/nix/store/xpyyls9lgphkaddin0knmlrjqpb14pf4-texlive-combined-full-2019/share/t
exmf/tex/generic/pgf/math/pgfmathfloat.code.tex
\c@pgfmathroundto@lastzeros=\count269
))
(/nix/store/xpyyls9lgphkaddin0knmlrjqpb14pf4-texlive-combined-full-2019/share/t
exmf/tex/generic/pgf/math/pgfint.code.tex)
(/nix/store/xpyyls9lgphkaddin0knmlrjqpb14pf4-texlive-combined-full-2019/share/t
exmf/tex/generic/pgf/basiclayer/pgfcorepoints.code.tex
File: pgfcorepoints.code.tex 2020/01/08 v3.1.5b (3.1.5b)
\pgf@picminx=\dimen173
\pgf@picmaxx=\dimen174
\pgf@picminy=\dimen175
\pgf@picmaxy=\dimen176
\pgf@pathminx=\dimen177
\pgf@pathmaxx=\dimen178
\pgf@pathminy=\dimen179
\pgf@pathmaxy=\dimen180
\pgf@xx=\dimen181
\pgf@xy=\dimen182
\pgf@yx=\dimen183
\pgf@yy=\dimen184
\pgf@zx=\dimen185
\pgf@zy=\dimen186
)
(/nix/store/xpyyls9lgphkaddin0knmlrjqpb14pf4-texlive-combined-full-2019/share/t
exmf/tex/generic/pgf/basiclayer/pgfcorepathconstruct.code.tex
File: pgfcorepathconstruct.code.tex 2020/01/08 v3.1.5b (3.1.5b)
\pgf@path@lastx=\dimen187
\pgf@path@lasty=\dimen188
)
(/nix/store/xpyyls9lgphkaddin0knmlrjqpb14pf4-texlive-combined-full-2019/share/t
exmf/tex/generic/pgf/basiclayer/pgfcorepathusage.code.tex
File: pgfcorepathusage.code.tex 2020/01/08 v3.1.5b (3.1.5b)
\pgf@shorten@end@additional=\dimen189
\pgf@shorten@start@additional=\dimen190
)
(/nix/store/xpyyls9lgphkaddin0knmlrjqpb14pf4-texlive-combined-full-2019/share/t
exmf/tex/generic/pgf/basiclayer/pgfcorescopes.code.tex
File: pgfcorescopes.code.tex 2020/01/08 v3.1.5b (3.1.5b)
\pgfpic=\box56
\pgf@hbox=\box57
\pgf@layerbox@main=\box58
\pgf@picture@serial@count=\count270
)
(/nix/store/xpyyls9lgphkaddin0knmlrjqpb14pf4-texlive-combined-full-2019/share/t
exmf/tex/generic/pgf/basiclayer/pgfcoregraphicstate.code.tex
File: pgfcoregraphicstate.code.tex 2020/01/08 v3.1.5b (3.1.5b)
\pgflinewidth=\dimen191
)
(/nix/store/xpyyls9lgphkaddin0knmlrjqpb14pf4-texlive-combined-full-2019/share/t
exmf/tex/generic/pgf/basiclayer/pgfcoretransformations.code.tex
File: pgfcoretransformations.code.tex 2020/01/08 v3.1.5b (3.1.5b)
\pgf@pt@x=\dimen192
\pgf@pt@y=\dimen193
\pgf@pt@temp=\dimen194
)
(/nix/store/xpyyls9lgphkaddin0knmlrjqpb14pf4-texlive-combined-full-2019/share/t
exmf/tex/generic/pgf/basiclayer/pgfcorequick.code.tex
File: pgfcorequick.code.tex 2020/01/08 v3.1.5b (3.1.5b)
)
(/nix/store/xpyyls9lgphkaddin0knmlrjqpb14pf4-texlive-combined-full-2019/share/t
exmf/tex/generic/pgf/basiclayer/pgfcoreobjects.code.tex
File: pgfcoreobjects.code.tex 2020/01/08 v3.1.5b (3.1.5b)
)
(/nix/store/xpyyls9lgphkaddin0knmlrjqpb14pf4-texlive-combined-full-2019/share/t
exmf/tex/generic/pgf/basiclayer/pgfcorepathprocessing.code.tex
File: pgfcorepathprocessing.code.tex 2020/01/08 v3.1.5b (3.1.5b)
)
(/nix/store/xpyyls9lgphkaddin0knmlrjqpb14pf4-texlive-combined-full-2019/share/t
exmf/tex/generic/pgf/basiclayer/pgfcorearrows.code.tex
File: pgfcorearrows.code.tex 2020/01/08 v3.1.5b (3.1.5b)
\pgfarrowsep=\dimen195
)
(/nix/store/xpyyls9lgphkaddin0knmlrjqpb14pf4-texlive-combined-full-2019/share/t
exmf/tex/generic/pgf/basiclayer/pgfcoreshade.code.tex
File: pgfcoreshade.code.tex 2020/01/08 v3.1.5b (3.1.5b)
\pgf@max=\dimen196
\pgf@sys@shading@range@num=\count271
\pgf@shadingcount=\count272
)
(/nix/store/xpyyls9lgphkaddin0knmlrjqpb14pf4-texlive-combined-full-2019/share/t
exmf/tex/generic/pgf/basiclayer/pgfcoreimage.code.tex
File: pgfcoreimage.code.tex 2020/01/08 v3.1.5b (3.1.5b)

(/nix/store/xpyyls9lgphkaddin0knmlrjqpb14pf4-texlive-combined-full-2019/share/t
exmf/tex/generic/pgf/basiclayer/pgfcoreexternal.code.tex
File: pgfcoreexternal.code.tex 2020/01/08 v3.1.5b (3.1.5b)
\pgfexternal@startupbox=\box59
))
(/nix/store/xpyyls9lgphkaddin0knmlrjqpb14pf4-texlive-combined-full-2019/share/t
exmf/tex/generic/pgf/basiclayer/pgfcorelayers.code.tex
File: pgfcorelayers.code.tex 2020/01/08 v3.1.5b (3.1.5b)
)
(/nix/store/xpyyls9lgphkaddin0knmlrjqpb14pf4-texlive-combined-full-2019/share/t
exmf/tex/generic/pgf/basiclayer/pgfcoretransparency.code.tex
File: pgfcoretransparency.code.tex 2020/01/08 v3.1.5b (3.1.5b)
)
(/nix/store/xpyyls9lgphkaddin0knmlrjqpb14pf4-texlive-combined-full-2019/share/t
exmf/tex/generic/pgf/basiclayer/pgfcorepatterns.code.tex
File: pgfcorepatterns.code.tex 2020/01/08 v3.1.5b (3.1.5b)
)
(/nix/store/xpyyls9lgphkaddin0knmlrjqpb14pf4-texlive-combined-full-2019/share/t
exmf/tex/generic/pgf/basiclayer/pgfcorerdf.code.tex
File: pgfcorerdf.code.tex 2020/01/08 v3.1.5b (3.1.5b)
)))
(/nix/store/xpyyls9lgphkaddin0knmlrjqpb14pf4-texlive-combined-full-2019/share/t
exmf/tex/latex/pgf/utilities/xxcolor.sty
Package: xxcolor 2003/10/24 ver 0.1
\XC@nummixins=\count273
\XC@countmixins=\count274
)
(/nix/store/xpyyls9lgphkaddin0knmlrjqpb14pf4-texlive-combined-full-2019/share/t
exmf/tex/generic/atbegshi/atbegshi.sty
Package: atbegshi 2019/12/05 v1.19 At begin shipout hook (HO)

(/nix/store/xpyyls9lgphkaddin0knmlrjqpb14pf4-texlive-combined-full-2019/share/t
exmf/tex/generic/infwarerr/infwarerr.sty
Package: infwarerr 2019/12/03 v1.5 Providing info/warning/error messages (HO)
)
(/nix/store/xpyyls9lgphkaddin0knmlrjqpb14pf4-texlive-combined-full-2019/share/t
exmf/tex/generic/ltxcmds/ltxcmds.sty
Package: ltxcmds 2019/12/15 v1.24 LaTeX kernel commands for general use (HO)
))
(/nix/store/xpyyls9lgphkaddin0knmlrjqpb14pf4-texlive-combined-full-2019/share/t
exmf/tex/latex/hyperref/hyperref.sty
Package: hyperref 2020/01/14 v7.00d Hypertext links for LaTeX

(/nix/store/xpyyls9lgphkaddin0knmlrjqpb14pf4-texlive-combined-full-2019/share/t
exmf/tex/latex/pdftexcmds/pdftexcmds.sty
Package: pdftexcmds 2019/11/24 v0.31 Utility functions of pdfTeX for LuaTeX (HO
)
Package pdftexcmds Info: \pdf@primitive is available.
Package pdftexcmds Info: \pdf@ifprimitive is available.
Package pdftexcmds Info: \pdfdraftmode found.
)
(/nix/store/xpyyls9lgphkaddin0knmlrjqpb14pf4-texlive-combined-full-2019/share/t
exmf/tex/generic/kvsetkeys/kvsetkeys.sty
Package: kvsetkeys 2019/12/15 v1.18 Key value parser (HO)
)
(/nix/store/xpyyls9lgphkaddin0knmlrjqpb14pf4-texlive-combined-full-2019/share/t
exmf/tex/generic/kvdefinekeys/kvdefinekeys.sty
Package: kvdefinekeys 2019-12-19 v1.6 Define keys (HO)
)
(/nix/store/xpyyls9lgphkaddin0knmlrjqpb14pf4-texlive-combined-full-2019/share/t
exmf/tex/generic/pdfescape/pdfescape.sty
Package: pdfescape 2019/12/09 v1.15 Implements pdfTeX's escape features (HO)
)
(/nix/store/xpyyls9lgphkaddin0knmlrjqpb14pf4-texlive-combined-full-2019/share/t
exmf/tex/latex/hycolor/hycolor.sty
Package: hycolor 2020-01-27 v1.10 Color options for hyperref/bookmark (HO)
)
(/nix/store/xpyyls9lgphkaddin0knmlrjqpb14pf4-texlive-combined-full-2019/share/t
exmf/tex/latex/letltxmacro/letltxmacro.sty
Package: letltxmacro 2019/12/03 v1.6 Let assignment for LaTeX macros (HO)
)
(/nix/store/xpyyls9lgphkaddin0knmlrjqpb14pf4-texlive-combined-full-2019/share/t
exmf/tex/latex/auxhook/auxhook.sty
Package: auxhook 2019-12-17 v1.6 Hooks for auxiliary files (HO)
)
(/nix/store/xpyyls9lgphkaddin0knmlrjqpb14pf4-texlive-combined-full-2019/share/t
exmf/tex/latex/kvoptions/kvoptions.sty
Package: kvoptions 2019/11/29 v3.13 Key value format for package options (HO)
)
\@linkdim=\dimen197
\Hy@linkcounter=\count275
\Hy@pagecounter=\count276

(/nix/store/xpyyls9lgphkaddin0knmlrjqpb14pf4-texlive-combined-full-2019/share/t
exmf/tex/latex/hyperref/pd1enc.def
File: pd1enc.def 2020/01/14 v7.00d Hyperref: PDFDocEncoding definition (HO)
Now handling font encoding PD1 ...
... no UTF-8 mapping file for font encoding PD1
)
(/nix/store/xpyyls9lgphkaddin0knmlrjqpb14pf4-texlive-combined-full-2019/share/t
exmf/tex/generic/intcalc/intcalc.sty
Package: intcalc 2019/12/15 v1.3 Expandable calculations with integers (HO)
)
(/nix/store/xpyyls9lgphkaddin0knmlrjqpb14pf4-texlive-combined-full-2019/share/t
exmf/tex/generic/etexcmds/etexcmds.sty
Package: etexcmds 2019/12/15 v1.7 Avoid name clashes with e-TeX commands (HO)
)
\Hy@SavedSpaceFactor=\count277
\pdfmajorversion=\count278
Package hyperref Info: Option `bookmarks' set `true' on input line 4421.
Package hyperref Info: Option `bookmarksopen' set `true' on input line 4421.
Package hyperref Info: Option `implicit' set `false' on input line 4421.
Package hyperref Info: Hyper figures OFF on input line 4547.
Package hyperref Info: Link nesting OFF on input line 4552.
Package hyperref Info: Hyper index ON on input line 4555.
Package hyperref Info: Plain pages OFF on input line 4562.
Package hyperref Info: Backreferencing OFF on input line 4567.
Package hyperref Info: Implicit mode OFF; no redefinition of LaTeX internals.
Package hyperref Info: Bookmarks ON on input line 4800.
\c@Hy@tempcnt=\count279

(/nix/store/xpyyls9lgphkaddin0knmlrjqpb14pf4-texlive-combined-full-2019/share/t
exmf/tex/latex/url/url.sty
\Urlmuskip=\muskip16
Package: url 2013/09/16  ver 3.4  Verb mode for urls, etc.
)
LaTeX Info: Redefining \url on input line 5159.
\XeTeXLinkMargin=\dimen198

(/nix/store/xpyyls9lgphkaddin0knmlrjqpb14pf4-texlive-combined-full-2019/share/t
exmf/tex/generic/bitset/bitset.sty
Package: bitset 2019/12/09 v1.3 Handle bit-vector datatype (HO)

(/nix/store/xpyyls9lgphkaddin0knmlrjqpb14pf4-texlive-combined-full-2019/share/t
exmf/tex/generic/bigintcalc/bigintcalc.sty
Package: bigintcalc 2019/12/15 v1.5 Expandable calculations on big integers (HO
)
))
\Fld@menulength=\count280
\Field@Width=\dimen199
\Fld@charsize=\dimen256
Package hyperref Info: Hyper figures OFF on input line 6430.
Package hyperref Info: Link nesting OFF on input line 6435.
Package hyperref Info: Hyper index ON on input line 6438.
Package hyperref Info: backreferencing OFF on input line 6445.
Package hyperref Info: Link coloring OFF on input line 6450.
Package hyperref Info: Link coloring with OCG OFF on input line 6455.
Package hyperref Info: PDF/A mode OFF on input line 6460.
LaTeX Info: Redefining \ref on input line 6500.
LaTeX Info: Redefining \pageref on input line 6504.
\Hy@abspage=\count281


Package hyperref Message: Stopped early.

)
Package hyperref Info: Driver (autodetected): hpdftex.

(/nix/store/xpyyls9lgphkaddin0knmlrjqpb14pf4-texlive-combined-full-2019/share/t
exmf/tex/latex/hyperref/hpdftex.def
File: hpdftex.def 2020/01/14 v7.00d Hyperref driver for pdfTeX

(/nix/store/xpyyls9lgphkaddin0knmlrjqpb14pf4-texlive-combined-full-2019/share/t
exmf/tex/latex/atveryend/atveryend.sty
Package: atveryend 2019-12-11 v1.11 Hooks at the very end of document (HO)
)
\Fld@listcount=\count282
\c@bookmark@seq@number=\count283

(/nix/store/xpyyls9lgphkaddin0knmlrjqpb14pf4-texlive-combined-full-2019/share/t
exmf/tex/latex/rerunfilecheck/rerunfilecheck.sty
Package: rerunfilecheck 2019/12/05 v1.9 Rerun checks for auxiliary files (HO)

(/nix/store/xpyyls9lgphkaddin0knmlrjqpb14pf4-texlive-combined-full-2019/share/t
exmf/tex/generic/uniquecounter/uniquecounter.sty
Package: uniquecounter 2019/12/15 v1.4 Provide unlimited unique counter (HO)
)
Package uniquecounter Info: New unique counter `rerunfilecheck' on input line 2
86.
))
(/nix/store/xpyyls9lgphkaddin0knmlrjqpb14pf4-texlive-combined-full-2019/share/t
exmf/tex/latex/beamer/beamerbaserequires.sty
(/nix/store/xpyyls9lgphkaddin0knmlrjqpb14pf4-texlive-combined-full-2019/share/t
exmf/tex/latex/beamer/beamerbasecompatibility.sty)
(/nix/store/xpyyls9lgphkaddin0knmlrjqpb14pf4-texlive-combined-full-2019/share/t
exmf/tex/latex/beamer/beamerbasefont.sty
(/nix/store/xpyyls9lgphkaddin0knmlrjqpb14pf4-texlive-combined-full-2019/share/t
exmf/tex/latex/amsfonts/amssymb.sty
Package: amssymb 2013/01/14 v3.01 AMS font symbols

(/nix/store/xpyyls9lgphkaddin0knmlrjqpb14pf4-texlive-combined-full-2019/share/t
exmf/tex/latex/amsfonts/amsfonts.sty
Package: amsfonts 2013/01/14 v3.01 Basic AMSFonts support
\@emptytoks=\toks27
\symAMSa=\mathgroup4
\symAMSb=\mathgroup5
LaTeX Font Info:    Redeclaring math symbol \hbar on input line 98.
LaTeX Font Info:    Overwriting math alphabet `\mathfrak' in version `bold'
(Font)                  U/euf/m/n --> U/euf/b/n on input line 106.
))
(/nix/store/xpyyls9lgphkaddin0knmlrjqpb14pf4-texlive-combined-full-2019/share/t
exmf/tex/latex/sansmathaccent/sansmathaccent.sty
Package: sansmathaccent 2020/01/31

(/nix/store/xpyyls9lgphkaddin0knmlrjqpb14pf4-texlive-combined-full-2019/share/t
exmf/tex/latex/koma-script/scrlfile.sty
Package: scrlfile 2020/01/24 v3.29 KOMA-Script package (loading files)
)))
(/nix/store/xpyyls9lgphkaddin0knmlrjqpb14pf4-texlive-combined-full-2019/share/t
exmf/tex/latex/beamer/beamerbasetranslator.sty
(/nix/store/xpyyls9lgphkaddin0knmlrjqpb14pf4-texlive-combined-full-2019/share/t
exmf/tex/latex/translator/translator.sty
Package: translator 2019-05-31 v1.12a Easy translation of strings in LaTeX
))
(/nix/store/xpyyls9lgphkaddin0knmlrjqpb14pf4-texlive-combined-full-2019/share/t
exmf/tex/latex/beamer/beamerbasemisc.sty)
(/nix/store/xpyyls9lgphkaddin0knmlrjqpb14pf4-texlive-combined-full-2019/share/t
exmf/tex/latex/beamer/beamerbasetwoscreens.sty)
(/nix/store/xpyyls9lgphkaddin0knmlrjqpb14pf4-texlive-combined-full-2019/share/t
exmf/tex/latex/beamer/beamerbaseoverlay.sty
\beamer@argscount=\count284
\beamer@lastskipcover=\skip50
\beamer@trivlistdepth=\count285
)
(/nix/store/xpyyls9lgphkaddin0knmlrjqpb14pf4-texlive-combined-full-2019/share/t
exmf/tex/latex/beamer/beamerbasetitle.sty)
(/nix/store/xpyyls9lgphkaddin0knmlrjqpb14pf4-texlive-combined-full-2019/share/t
exmf/tex/latex/beamer/beamerbasesection.sty
\c@lecture=\count286
\c@part=\count287
\c@section=\count288
\c@subsection=\count289
\c@subsubsection=\count290
)
(/nix/store/xpyyls9lgphkaddin0knmlrjqpb14pf4-texlive-combined-full-2019/share/t
exmf/tex/latex/beamer/beamerbaseframe.sty
\beamer@framebox=\box60
\beamer@frametitlebox=\box61
\beamer@zoombox=\box62
\beamer@zoomcount=\count291
\beamer@zoomframecount=\count292
\beamer@frametextheight=\dimen257
\c@subsectionslide=\count293
\beamer@frametopskip=\skip51
\beamer@framebottomskip=\skip52
\beamer@frametopskipautobreak=\skip53
\beamer@framebottomskipautobreak=\skip54
\beamer@envbody=\toks28
\framewidth=\dimen258
\c@framenumber=\count294
)
(/nix/store/xpyyls9lgphkaddin0knmlrjqpb14pf4-texlive-combined-full-2019/share/t
exmf/tex/latex/beamer/beamerbaseverbatim.sty
\beamer@verbatimfileout=\write4
)
(/nix/store/xpyyls9lgphkaddin0knmlrjqpb14pf4-texlive-combined-full-2019/share/t
exmf/tex/latex/beamer/beamerbaseframesize.sty
\beamer@splitbox=\box63
\beamer@autobreakcount=\count295
\beamer@autobreaklastheight=\dimen259
\beamer@frametitletoks=\toks29
\beamer@framesubtitletoks=\toks30
)
(/nix/store/xpyyls9lgphkaddin0knmlrjqpb14pf4-texlive-combined-full-2019/share/t
exmf/tex/latex/beamer/beamerbaseframecomponents.sty
\beamer@footins=\box64
)
(/nix/store/xpyyls9lgphkaddin0knmlrjqpb14pf4-texlive-combined-full-2019/share/t
exmf/tex/latex/beamer/beamerbasecolor.sty)
(/nix/store/xpyyls9lgphkaddin0knmlrjqpb14pf4-texlive-combined-full-2019/share/t
exmf/tex/latex/beamer/beamerbasenotes.sty
\beamer@frameboxcopy=\box65
)
(/nix/store/xpyyls9lgphkaddin0knmlrjqpb14pf4-texlive-combined-full-2019/share/t
exmf/tex/latex/beamer/beamerbasetoc.sty)
(/nix/store/xpyyls9lgphkaddin0knmlrjqpb14pf4-texlive-combined-full-2019/share/t
exmf/tex/latex/beamer/beamerbasetemplates.sty
\beamer@sbttoks=\toks31

(/nix/store/xpyyls9lgphkaddin0knmlrjqpb14pf4-texlive-combined-full-2019/share/t
exmf/tex/latex/beamer/beamerbaseauxtemplates.sty
(/nix/store/xpyyls9lgphkaddin0knmlrjqpb14pf4-texlive-combined-full-2019/share/t
exmf/tex/latex/beamer/beamerbaseboxes.sty
\bmb@box=\box66
\bmb@colorbox=\box67
\bmb@boxshadow=\box68
\bmb@boxshadowball=\box69
\bmb@boxshadowballlarge=\box70
\bmb@temp=\dimen260
\bmb@dima=\dimen261
\bmb@dimb=\dimen262
\bmb@prevheight=\dimen263
)
\beamer@blockheadheight=\dimen264
))
(/nix/store/xpyyls9lgphkaddin0knmlrjqpb14pf4-texlive-combined-full-2019/share/t
exmf/tex/latex/beamer/beamerbaselocalstructure.sty
(/nix/store/xpyyls9lgphkaddin0knmlrjqpb14pf4-texlive-combined-full-2019/share/t
exmf/tex/latex/tools/enumerate.sty
Package: enumerate 2015/07/23 v3.00 enumerate extensions (DPC)
\@enLab=\toks32
)
\c@figure=\count296
\c@table=\count297
\abovecaptionskip=\skip55
\belowcaptionskip=\skip56
)
(/nix/store/xpyyls9lgphkaddin0knmlrjqpb14pf4-texlive-combined-full-2019/share/t
exmf/tex/latex/beamer/beamerbasenavigation.sty
\beamer@section@min@dim=\dimen265
)
(/nix/store/xpyyls9lgphkaddin0knmlrjqpb14pf4-texlive-combined-full-2019/share/t
exmf/tex/latex/beamer/beamerbasetheorems.sty
(/nix/store/xpyyls9lgphkaddin0knmlrjqpb14pf4-texlive-combined-full-2019/share/t
exmf/tex/latex/amsmath/amsmath.sty
Package: amsmath 2020/01/20 v2.17e AMS math features
\@mathmargin=\skip57

For additional information on amsmath, use the `?' option.

(/nix/store/xpyyls9lgphkaddin0knmlrjqpb14pf4-texlive-combined-full-2019/share/t
exmf/tex/latex/amsmath/amstext.sty
Package: amstext 2000/06/29 v2.01 AMS text

(/nix/store/xpyyls9lgphkaddin0knmlrjqpb14pf4-texlive-combined-full-2019/share/t
exmf/tex/latex/amsmath/amsgen.sty
File: amsgen.sty 1999/11/30 v2.0 generic functions
\@emptytoks=\toks33
\ex@=\dimen266
))
(/nix/store/xpyyls9lgphkaddin0knmlrjqpb14pf4-texlive-combined-full-2019/share/t
exmf/tex/latex/amsmath/amsbsy.sty
Package: amsbsy 1999/11/29 v1.2d Bold Symbols
\pmbraise@=\dimen267
)
(/nix/store/xpyyls9lgphkaddin0knmlrjqpb14pf4-texlive-combined-full-2019/share/t
exmf/tex/latex/amsmath/amsopn.sty
Package: amsopn 2016/03/08 v2.02 operator names
)
\inf@bad=\count298
LaTeX Info: Redefining \frac on input line 227.
\uproot@=\count299
\leftroot@=\count300
LaTeX Info: Redefining \overline on input line 389.
\classnum@=\count301
\DOTSCASE@=\count302
LaTeX Info: Redefining \ldots on input line 486.
LaTeX Info: Redefining \dots on input line 489.
LaTeX Info: Redefining \cdots on input line 610.
\Mathstrutbox@=\box71
\strutbox@=\box72
\big@size=\dimen268
LaTeX Font Info:    Redeclaring font encoding OML on input line 733.
LaTeX Font Info:    Redeclaring font encoding OMS on input line 734.
\macc@depth=\count303
\c@MaxMatrixCols=\count304
\dotsspace@=\muskip17
\c@parentequation=\count305
\dspbrk@lvl=\count306
\tag@help=\toks34
\row@=\count307
\column@=\count308
\maxfields@=\count309
\andhelp@=\toks35
\eqnshift@=\dimen269
\alignsep@=\dimen270
\tagshift@=\dimen271
\tagwidth@=\dimen272
\totwidth@=\dimen273
\lineht@=\dimen274
\@envbody=\toks36
\multlinegap=\skip58
\multlinetaggap=\skip59
\mathdisplay@stack=\toks37
LaTeX Info: Redefining \[ on input line 2859.
LaTeX Info: Redefining \] on input line 2860.
)
(/nix/store/xpyyls9lgphkaddin0knmlrjqpb14pf4-texlive-combined-full-2019/share/t
exmf/tex/latex/amscls/amsthm.sty
Package: amsthm 2017/10/31 v2.20.4
\thm@style=\toks38
\thm@bodyfont=\toks39
\thm@headfont=\toks40
\thm@notefont=\toks41
\thm@headpunct=\toks42
\thm@preskip=\skip60
\thm@postskip=\skip61
\thm@headsep=\skip62
\dth@everypar=\toks43
)
\c@theorem=\count310
)
(/nix/store/xpyyls9lgphkaddin0knmlrjqpb14pf4-texlive-combined-full-2019/share/t
exmf/tex/latex/beamer/beamerbasethemes.sty))
(/nix/store/xpyyls9lgphkaddin0knmlrjqpb14pf4-texlive-combined-full-2019/share/t
exmf/tex/latex/beamer/beamerthemedefault.sty
(/nix/store/xpyyls9lgphkaddin0knmlrjqpb14pf4-texlive-combined-full-2019/share/t
exmf/tex/latex/beamer/beamerfontthemedefault.sty)
(/nix/store/xpyyls9lgphkaddin0knmlrjqpb14pf4-texlive-combined-full-2019/share/t
exmf/tex/latex/beamer/beamercolorthemedefault.sty)
(/nix/store/xpyyls9lgphkaddin0knmlrjqpb14pf4-texlive-combined-full-2019/share/t
exmf/tex/latex/beamer/beamerinnerthemedefault.sty
\beamer@dima=\dimen275
\beamer@dimb=\dimen276
)
(/nix/store/xpyyls9lgphkaddin0knmlrjqpb14pf4-texlive-combined-full-2019/share/t
exmf/tex/latex/beamer/beamerouterthemedefault.sty)))
(/nix/store/xpyyls9lgphkaddin0knmlrjqpb14pf4-texlive-combined-full-2019/share/t
exmf/tex/latex/tools/calc.sty
Package: calc 2017/05/25 v4.3 Infix arithmetic (KKT,FJ)
\calc@Acount=\count311
\calc@Bcount=\count312
\calc@Adimen=\dimen277
\calc@Bdimen=\dimen278
\calc@Askip=\skip63
\calc@Bskip=\skip64
LaTeX Info: Redefining \setlength on input line 80.
LaTeX Info: Redefining \addtolength on input line 81.
\calc@Ccount=\count313
\calc@Cskip=\skip65
)
(/nix/store/xpyyls9lgphkaddin0knmlrjqpb14pf4-texlive-combined-full-2019/share/t
exmf/tex/latex/commath/commath.sty
(/nix/store/xpyyls9lgphkaddin0knmlrjqpb14pf4-texlive-combined-full-2019/share/t
exmf/tex/latex/base/ifthen.sty
Package: ifthen 2014/09/29 v1.1c Standard LaTeX ifthen package (DPC)
))
(/nix/store/xpyyls9lgphkaddin0knmlrjqpb14pf4-texlive-combined-full-2019/share/t
exmf/tex/latex/esvect/esvect.sty
Package: esvect 
\symesvector=\mathgroup6
LaTeX Font Info:    Redeclaring math symbol \fldr on input line 38.
)
(/nix/store/xpyyls9lgphkaddin0knmlrjqpb14pf4-texlive-combined-full-2019/share/t
exmf/tex/latex/fancyhdr/fancyhdr.sty
Package: fancyhdr 2019/01/31 v3.10 Extensive control of page headers and footer
s
\f@nch@headwidth=\skip66
\f@nch@O@elh=\skip67
\f@nch@O@erh=\skip68
\f@nch@O@olh=\skip69
\f@nch@O@orh=\skip70
\f@nch@O@elf=\skip71
\f@nch@O@erf=\skip72
\f@nch@O@olf=\skip73
\f@nch@O@orf=\skip74
)
(/nix/store/xpyyls9lgphkaddin0knmlrjqpb14pf4-texlive-combined-full-2019/share/t
exmf/tex/latex/lastpage/lastpage.sty
Package: lastpage 2015/03/29 v1.2m Refers to last page's name (HMM; JPG)
)
(/nix/store/xpyyls9lgphkaddin0knmlrjqpb14pf4-texlive-combined-full-2019/share/t
exmf/tex/latex/mathtools/mathtools.sty
Package: mathtools 2020/01/17 v1.23 mathematical typesetting tools

(/nix/store/xpyyls9lgphkaddin0knmlrjqpb14pf4-texlive-combined-full-2019/share/t
exmf/tex/latex/mathtools/mhsetup.sty
Package: mhsetup 2017/03/31 v1.3 programming setup (MH)
)
LaTeX Info: Thecontrolsequence`\('isalreadyrobust on input line 129.
LaTeX Info: Thecontrolsequence`\)'isalreadyrobust on input line 129.
LaTeX Info: Thecontrolsequence`\['isalreadyrobust on input line 129.
LaTeX Info: Thecontrolsequence`\]'isalreadyrobust on input line 129.
\g_MT_multlinerow_int=\count314
\l_MT_multwidth_dim=\dimen279
\origjot=\skip75
\l_MT_shortvdotswithinadjustabove_dim=\dimen280
\l_MT_shortvdotswithinadjustbelow_dim=\dimen281
\l_MT_above_intertext_sep=\dimen282
\l_MT_below_intertext_sep=\dimen283
\l_MT_above_shortintertext_sep=\dimen284
\l_MT_below_shortintertext_sep=\dimen285
)
(/nix/store/xpyyls9lgphkaddin0knmlrjqpb14pf4-texlive-combined-full-2019/share/t
exmf/tex/latex/siunitx/siunitx.sty
(/nix/store/xpyyls9lgphkaddin0knmlrjqpb14pf4-texlive-combined-full-2019/share/t
exmf/tex/latex/l3kernel/expl3.sty
Package: expl3 2020-02-25 L3 programming layer (loader) 

(/nix/store/xpyyls9lgphkaddin0knmlrjqpb14pf4-texlive-combined-full-2019/share/t
exmf/tex/latex/l3backend/l3backend-pdfmode.def
File: l3backend-pdfmode.def 2020-02-23 L3 backend support: PDF mode
\l__kernel_color_stack_int=\count315
\l__pdf_internal_box=\box73
))
(/nix/store/xpyyls9lgphkaddin0knmlrjqpb14pf4-texlive-combined-full-2019/share/t
exmf/tex/latex/l3packages/xparse/xparse.sty
Package: xparse 2020-02-25 L3 Experimental document command parser
\l__xparse_current_arg_int=\count316
\g__xparse_grabber_int=\count317
\l__xparse_m_args_int=\count318
\l__xparse_v_nesting_int=\count319
)
Package: siunitx 2020/02/25 v2.8b A comprehensive (SI) units package

(/nix/store/xpyyls9lgphkaddin0knmlrjqpb14pf4-texlive-combined-full-2019/share/t
exmf/tex/latex/tools/array.sty
Package: array 2019/08/31 v2.4l Tabular extension package (FMi)
\col@sep=\dimen286
\ar@mcellbox=\box74
\extrarowheight=\dimen287
\NC@list=\toks44
\extratabsurround=\skip76
\backup@length=\skip77
\ar@cellbox=\box75
)
(/nix/store/xpyyls9lgphkaddin0knmlrjqpb14pf4-texlive-combined-full-2019/share/t
exmf/tex/latex/l3packages/l3keys2e/l3keys2e.sty
Package: l3keys2e 2020-02-25 LaTeX2e option processing using LaTeX3 keys
)
\l__siunitx_tmp_box=\box76
\l__siunitx_tmp_dim=\dimen288
\l__siunitx_tmp_int=\count320
\l__siunitx_number_mantissa_length_int=\count321
\l__siunitx_number_uncert_length_int=\count322
\l__siunitx_round_int=\count323
\l__siunitx_process_decimal_int=\count324
\l__siunitx_process_uncertainty_int=\count325
\l__siunitx_process_fixed_int=\count326
\l__siunitx_process_integer_min_int=\count327
\l__siunitx_process_precision_int=\count328
\l__siunitx_group_min_int=\count329
\l__siunitx_angle_marker_box=\box77
\l__siunitx_angle_unit_box=\box78
\l__siunitx_angle_marker_dim=\dimen289
\l__siunitx_angle_unit_dim=\dimen290
\l__siunitx_unit_int=\count330
\l__siunitx_unit_denominator_int=\count331
\l__siunitx_unit_numerator_int=\count332
\l__siunitx_unit_prefix_int=\count333
\l__siunitx_unit_prefix_base_int=\count334
\l__siunitx_unit_prefix_gram_int=\count335
\l__siunitx_number_product_int=\count336
\c__siunitx_one_fill_skip=\skip78
\l__siunitx_table_unit_align_skip=\skip79
\l__siunitx_table_exponent_dim=\dimen291
\l__siunitx_table_integer_dim=\dimen292
\l__siunitx_table_mantissa_dim=\dimen293
\l__siunitx_table_marker_dim=\dimen294
\l__siunitx_table_result_dim=\dimen295
\l__siunitx_table_uncert_dim=\dimen296
\l__siunitx_table_fill_pre_dim=\dimen297
\l__siunitx_table_fill_post_dim=\dimen298
\l__siunitx_table_fill_mid_dim=\dimen299
\l__siunitx_table_pre_box=\box79
\l__siunitx_table_post_box=\box80
\l__siunitx_table_mantissa_box=\box81
\l__siunitx_table_result_box=\box82
\l__siunitx_table_number_align_skip=\skip80
\l__siunitx_table_text_align_skip=\skip81
) (./pres.aux)
\openout1 = `pres.aux'.

LaTeX Font Info:    Checking defaults for OML/cmm/m/it on input line 33.
LaTeX Font Info:    ... okay on input line 33.
LaTeX Font Info:    Checking defaults for OMS/cmsy/m/n on input line 33.
LaTeX Font Info:    ... okay on input line 33.
LaTeX Font Info:    Checking defaults for OT1/cmr/m/n on input line 33.
LaTeX Font Info:    ... okay on input line 33.
LaTeX Font Info:    Checking defaults for T1/cmr/m/n on input line 33.
LaTeX Font Info:    ... okay on input line 33.
LaTeX Font Info:    Checking defaults for TS1/cmr/m/n on input line 33.
LaTeX Font Info:    ... okay on input line 33.
LaTeX Font Info:    Checking defaults for OMX/cmex/m/n on input line 33.
LaTeX Font Info:    ... okay on input line 33.
LaTeX Font Info:    Checking defaults for U/cmr/m/n on input line 33.
LaTeX Font Info:    ... okay on input line 33.
LaTeX Font Info:    Checking defaults for PD1/pdf/m/n on input line 33.
LaTeX Font Info:    ... okay on input line 33.

*geometry* driver: auto-detecting
*geometry* detected driver: pdftex
*geometry* verbose mode - [ preamble ] result:
* driver: pdftex
* paper: custom
* layout: <same size as paper>
* layoutoffset:(h,v)=(0.0pt,0.0pt)
* modes: includehead includefoot 
* h-part:(L,W,R)=(28.45274pt, 307.28987pt, 28.45274pt)
* v-part:(T,H,B)=(0.0pt, 273.14662pt, 0.0pt)
* \paperwidth=364.19536pt
* \paperheight=273.14662pt
* \textwidth=307.28987pt
* \textheight=244.6939pt
* \oddsidemargin=-43.81725pt
* \evensidemargin=-43.81725pt
* \topmargin=-72.26999pt
* \headheight=14.22636pt
* \headsep=0.0pt
* \topskip=11.0pt
* \footskip=14.22636pt
* \marginparwidth=4.0pt
* \marginparsep=10.0pt
* \columnsep=10.0pt
* \skip\footins=10.0pt plus 4.0pt minus 2.0pt
* \hoffset=0.0pt
* \voffset=0.0pt
* \mag=1000
* \@twocolumnfalse
* \@twosidefalse
* \@mparswitchfalse
* \@reversemarginfalse
* (1in=72.27pt=25.4mm, 1cm=28.453pt)


(/nix/store/xpyyls9lgphkaddin0knmlrjqpb14pf4-texlive-combined-full-2019/share/t
exmf/tex/context/base/mkii/supp-pdf.mkii
[Loading MPS to PDF converter (version 2006.09.02).]
\scratchcounter=\count337
\scratchdimen=\dimen300
\scratchbox=\box83
\nofMPsegments=\count338
\nofMParguments=\count339
\everyMPshowfont=\toks45
\MPscratchCnt=\count340
\MPscratchDim=\dimen301
\MPnumerator=\count341
\makeMPintoPDFobject=\count342
\everyMPtoPDFconversion=\toks46
)
(/nix/store/xpyyls9lgphkaddin0knmlrjqpb14pf4-texlive-combined-full-2019/share/t
exmf/tex/latex/epstopdf-pkg/epstopdf-base.sty
Package: epstopdf-base 2020-01-24 v2.11 Base part for package epstopdf
Package epstopdf-base Info: Redefining graphics rule for `.eps' on input line 4
85.

(/nix/store/xpyyls9lgphkaddin0knmlrjqpb14pf4-texlive-combined-full-2019/share/t
exmf/tex/latex/latexconfig/epstopdf-sys.cfg
File: epstopdf-sys.cfg 2010/07/13 v1.3 Configuration of (r)epstopdf for TeX Liv
e
))
ABD: EveryShipout initializing macros
\AtBeginShipoutBox=\box84
Package hyperref Info: Link coloring OFF on input line 33.

(/nix/store/xpyyls9lgphkaddin0knmlrjqpb14pf4-texlive-combined-full-2019/share/t
exmf/tex/latex/hyperref/nameref.sty
Package: nameref 2019/09/16 v2.46 Cross-referencing by name of section

(/nix/store/xpyyls9lgphkaddin0knmlrjqpb14pf4-texlive-combined-full-2019/share/t
exmf/tex/latex/refcount/refcount.sty
Package: refcount 2019/12/15 v3.6 Data extraction from label references (HO)
)
(/nix/store/xpyyls9lgphkaddin0knmlrjqpb14pf4-texlive-combined-full-2019/share/t
exmf/tex/generic/gettitlestring/gettitlestring.sty
Package: gettitlestring 2019/12/15 v1.6 Cleanup title references (HO)
)
\c@section@level=\count343
)
LaTeX Info: Redefining \ref on input line 33.
LaTeX Info: Redefining \pageref on input line 33.
LaTeX Info: Redefining \nameref on input line 33.
 (./pres.out) (./pres.out)
\@outlinefile=\write5
\openout5 = `pres.out'.

LaTeX Font Info:    Overwriting symbol font `operators' in version `normal'
(Font)                  OT1/cmr/m/n --> OT1/cmss/m/n on input line 33.
LaTeX Font Info:    Overwriting symbol font `operators' in version `bold'
(Font)                  OT1/cmr/bx/n --> OT1/cmss/b/n on input line 33.
\symnumbers=\mathgroup7
\sympureletters=\mathgroup8
LaTeX Font Info:    Overwriting math alphabet `\mathrm' in version `normal'
(Font)                  OT1/cmss/m/n --> OT1/cmr/m/n on input line 33.
LaTeX Font Info:    Redeclaring math alphabet \mathbf on input line 33.
LaTeX Font Info:    Overwriting math alphabet `\mathbf' in version `normal'
(Font)                  OT1/cmr/bx/n --> OT1/cmss/b/n on input line 33.
LaTeX Font Info:    Overwriting math alphabet `\mathbf' in version `bold'
(Font)                  OT1/cmr/bx/n --> OT1/cmss/b/n on input line 33.
LaTeX Font Info:    Redeclaring math alphabet \mathsf on input line 33.
LaTeX Font Info:    Overwriting math alphabet `\mathsf' in version `normal'
(Font)                  OT1/cmss/m/n --> OT1/cmss/m/n on input line 33.
LaTeX Font Info:    Overwriting math alphabet `\mathsf' in version `bold'
(Font)                  OT1/cmss/bx/n --> OT1/cmss/m/n on input line 33.
LaTeX Font Info:    Redeclaring math alphabet \mathit on input line 33.
LaTeX Font Info:    Overwriting math alphabet `\mathit' in version `normal'
(Font)                  OT1/cmr/m/it --> OT1/cmss/m/it on input line 33.
LaTeX Font Info:    Overwriting math alphabet `\mathit' in version `bold'
(Font)                  OT1/cmr/bx/it --> OT1/cmss/m/it on input line 33.
LaTeX Font Info:    Redeclaring math alphabet \mathtt on input line 33.
LaTeX Font Info:    Overwriting math alphabet `\mathtt' in version `normal'
(Font)                  OT1/cmtt/m/n --> OT1/cmtt/m/n on input line 33.
LaTeX Font Info:    Overwriting math alphabet `\mathtt' in version `bold'
(Font)                  OT1/cmtt/m/n --> OT1/cmtt/m/n on input line 33.
LaTeX Font Info:    Overwriting symbol font `numbers' in version `bold'
(Font)                  OT1/cmss/m/n --> OT1/cmss/b/n on input line 33.
LaTeX Font Info:    Overwriting symbol font `pureletters' in version `bold'
(Font)                  OT1/cmss/m/it --> OT1/cmss/b/it on input line 33.
LaTeX Font Info:    Overwriting math alphabet `\mathrm' in version `bold'
(Font)                  OT1/cmss/b/n --> OT1/cmr/b/n on input line 33.
LaTeX Font Info:    Overwriting math alphabet `\mathbf' in version `bold'
(Font)                  OT1/cmss/b/n --> OT1/cmss/b/n on input line 33.
LaTeX Font Info:    Overwriting math alphabet `\mathsf' in version `bold'
(Font)                  OT1/cmss/m/n --> OT1/cmss/b/n on input line 33.
LaTeX Font Info:    Overwriting math alphabet `\mathit' in version `bold'
(Font)                  OT1/cmss/m/it --> OT1/cmss/b/it on input line 33.
LaTeX Font Info:    Overwriting math alphabet `\mathtt' in version `bold'
(Font)                  OT1/cmtt/m/n --> OT1/cmtt/b/n on input line 33.
LaTeX Font Info:    Redeclaring symbol font `pureletters' on input line 33.
LaTeX Font Info:    Overwriting symbol font `pureletters' in version `normal'
(Font)                  OT1/cmss/m/it --> OT1/mathkerncmss/m/sl on input line 3
3.
LaTeX Font Info:    Overwriting symbol font `pureletters' in version `bold'
(Font)                  OT1/cmss/b/it --> OT1/mathkerncmss/m/sl on input line 3
3.
LaTeX Font Info:    Overwriting symbol font `pureletters' in version `bold'
(Font)                  OT1/mathkerncmss/m/sl --> OT1/mathkerncmss/bx/sl on inp
ut line 33.

(/nix/store/xpyyls9lgphkaddin0knmlrjqpb14pf4-texlive-combined-full-2019/share/t
exmf/tex/latex/translator/translator-basic-dictionary-English.dict
Dictionary: translator-basic-dictionary, Language: English 
)
(/nix/store/xpyyls9lgphkaddin0knmlrjqpb14pf4-texlive-combined-full-2019/share/t
exmf/tex/latex/translator/translator-bibliography-dictionary-English.dict
Dictionary: translator-bibliography-dictionary, Language: English 
)
(/nix/store/xpyyls9lgphkaddin0knmlrjqpb14pf4-texlive-combined-full-2019/share/t
exmf/tex/latex/translator/translator-environment-dictionary-English.dict
Dictionary: translator-environment-dictionary, Language: English 
)
(/nix/store/xpyyls9lgphkaddin0knmlrjqpb14pf4-texlive-combined-full-2019/share/t
exmf/tex/latex/translator/translator-months-dictionary-English.dict
Dictionary: translator-months-dictionary, Language: English 
)
(/nix/store/xpyyls9lgphkaddin0knmlrjqpb14pf4-texlive-combined-full-2019/share/t
exmf/tex/latex/translator/translator-numbers-dictionary-English.dict
Dictionary: translator-numbers-dictionary, Language: English 
)
(/nix/store/xpyyls9lgphkaddin0knmlrjqpb14pf4-texlive-combined-full-2019/share/t
exmf/tex/latex/translator/translator-theorem-dictionary-English.dict
Dictionary: translator-theorem-dictionary, Language: English 
)
Package lastpage Info: Please have a look at the pageslts package at
(lastpage)             https://www.ctan.org/pkg/pageslts
(lastpage)             ! on input line 33.

(/nix/store/xpyyls9lgphkaddin0knmlrjqpb14pf4-texlive-combined-full-2019/share/t
exmf/tex/latex/siunitx/siunitx-abbreviations.cfg
File: siunitx-abbreviations.cfg 2017/11/26 v2.7k siunitx: Abbreviated units
) (./pres.nav)
LaTeX Font Info:    Trying to load font information for U+msa on input line 33.


(/nix/store/xpyyls9lgphkaddin0knmlrjqpb14pf4-texlive-combined-full-2019/share/t
exmf/tex/latex/amsfonts/umsa.fd
File: umsa.fd 2013/01/14 v3.01 AMS symbols A
)
LaTeX Font Info:    Trying to load font information for U+msb on input line 33.


(/nix/store/xpyyls9lgphkaddin0knmlrjqpb14pf4-texlive-combined-full-2019/share/t
exmf/tex/latex/amsfonts/umsb.fd
File: umsb.fd 2013/01/14 v3.01 AMS symbols B
)
LaTeX Font Info:    Trying to load font information for U+esvect on input line 
33.

(/nix/store/xpyyls9lgphkaddin0knmlrjqpb14pf4-texlive-combined-full-2019/share/t
exmf/tex/latex/esvect/uesvect.fd
File: uesvect.fd 
)
LaTeX Font Info:    Trying to load font information for OT1+mathkerncmss on inp
ut line 33.

(/nix/store/xpyyls9lgphkaddin0knmlrjqpb14pf4-texlive-combined-full-2019/share/t
exmf/tex/latex/sansmathaccent/ot1mathkerncmss.fd
File: ot1mathkerncmss.fd 2020/01/31 Fontinst v1.933 font definitions for OT1/ma
thkerncmss.
) [1

{/nix/store/xpyyls9lgphkaddin0knmlrjqpb14pf4-texlive-combined-full-2019/share/t
exmf-var/fonts/map/pdftex/updmap/pdftex.map}] [2

]
<images/spring.png, id=68, 477.37982pt x 187.6368pt>
File: images/spring.png Graphic file (type png)
<use images/spring.png>
Package pdftex.def Info: images/spring.png  used on input line 48.
(pdftex.def)             Requested size: 307.28987pt x 120.78285pt.
 [3

 <./images/spring.png>]
<images/gauss/gauss.png, id=97, 519.8622pt x 525.6438pt>
File: images/gauss/gauss.png Graphic file (type png)
<use images/gauss/gauss.png>
Package pdftex.def Info: images/gauss/gauss.png  used on input line 58.
(pdftex.def)             Requested size: 184.3758pt x 186.4244pt.
 [4

 <./images/gauss/gauss.png>] [5

]
<images/perp/perp.png, id=153, 1046.9514pt x 1016.598pt>
File: images/perp/perp.png Graphic file (type png)
<use images/perp/perp.png>
Package pdftex.def Info: images/perp/perp.png  used on input line 85.
(pdftex.def)             Requested size: 166.30153pt x 161.48961pt.
 [6

 <./images/perp/perp.png>] [7

]
\tf@nav=\write6
\openout6 = `pres.nav'.

\tf@toc=\write7
\openout7 = `pres.toc'.

\tf@snm=\write8
\openout8 = `pres.snm'.

 
AED: lastpage setting LastPage
Package atveryend Info: Empty hook `BeforeClearDocument' on input line 97.
Package atveryend Info: Empty hook `AfterLastShipout' on input line 97.
(./pres.aux)
Package atveryend Info: Executing hook `AtVeryEndDocument' on input line 97.
Package atveryend Info: Executing hook `AtEndAfterFileList' on input line 97.
Package rerunfilecheck Info: File `pres.out' has not changed.
(rerunfilecheck)             Checksum: D41D8CD98F00B204E9800998ECF8427E;0.
 ) 
Here is how much of TeX's memory you used:
 21283 strings out of 480994
 449431 string characters out of 5888645
 669190 words of memory out of 5000000
 36280 multiletter control sequences out of 15000+600000
 546605 words of font info for 83 fonts, out of 8000000 for 9000
 1141 hyphenation exceptions out of 8191
 58i,14n,67p,791b,708s stack positions out of 5000i,500n,10000p,200000b,80000s
</nix/store/xpyyls9lgphkaddin0knmlrjqpb14pf4-texlive-combined-full-2019/share
/texmf/fonts/type1/public/amsfonts/cm/cmex10.pfb></nix/store/xpyyls9lgphkaddin0
knmlrjqpb14pf4-texlive-combined-full-2019/share/texmf/fonts/type1/public/amsfon
ts/cm/cmmi9.pfb></nix/store/xpyyls9lgphkaddin0knmlrjqpb14pf4-texlive-combined-f
ull-2019/share/texmf/fonts/type1/public/amsfonts/cm/cmss10.pfb></nix/store/xpyy
ls9lgphkaddin0knmlrjqpb14pf4-texlive-combined-full-2019/share/texmf/fonts/type1
/public/amsfonts/cm/cmss12.pfb></nix/store/xpyyls9lgphkaddin0knmlrjqpb14pf4-tex
live-combined-full-2019/share/texmf/fonts/type1/public/amsfonts/cm/cmss8.pfb></
nix/store/xpyyls9lgphkaddin0knmlrjqpb14pf4-texlive-combined-full-2019/share/tex
mf/fonts/type1/public/amsfonts/cm/cmss9.pfb></nix/store/xpyyls9lgphkaddin0knmlr
jqpb14pf4-texlive-combined-full-2019/share/texmf/fonts/type1/public/amsfonts/cm
/cmssi10.pfb></nix/store/xpyyls9lgphkaddin0knmlrjqpb14pf4-texlive-combined-full
-2019/share/texmf/fonts/type1/public/amsfonts/cm/cmssi8.pfb></nix/store/xpyyls9
lgphkaddin0knmlrjqpb14pf4-texlive-combined-full-2019/share/texmf/fonts/type1/pu
blic/amsfonts/cm/cmssi9.pfb></nix/store/xpyyls9lgphkaddin0knmlrjqpb14pf4-texliv
e-combined-full-2019/share/texmf/fonts/type1/public/amsfonts/cm/cmsy10.pfb></ni
x/store/xpyyls9lgphkaddin0knmlrjqpb14pf4-texlive-combined-full-2019/share/texmf
/fonts/type1/public/amsfonts/cm/cmsy6.pfb></nix/store/xpyyls9lgphkaddin0knmlrjq
pb14pf4-texlive-combined-full-2019/share/texmf/fonts/type1/public/amsfonts/cm/c
msy7.pfb></nix/store/xpyyls9lgphkaddin0knmlrjqpb14pf4-texlive-combined-full-201
9/share/texmf/fonts/type1/public/amsfonts/symbols/msam10.pfb>
Output written on pres.pdf (7 pages, 368200 bytes).
PDF statistics:
 259 PDF objects out of 1000 (max. 8388607)
 222 compressed objects within 3 object streams
 15 named destinations out of 1000 (max. 500000)
 58 words of extra memory for PDF output out of 10000 (max. 10000000)

