This is pdfTeX, Version 3.14159265-2.6-1.40.20 (TeX Live 2019/NixOS.org) (preloaded format=pdflatex 2020.10.4)  25 OCT 2020 17:10
entering extended mode
 restricted \write18 enabled.
 %&-line parsing enabled.
**script.tex
(./script.tex
LaTeX2e <2020-02-02> patch level 5
L3 programming layer <2020-02-25>
(/nix/store/xpyyls9lgphkaddin0knmlrjqpb14pf4-texlive-combined-full-2019/share/t
exmf/tex/latex/base/article.cls
Document Class: article 2019/12/20 v1.4l Standard LaTeX document class

(/nix/store/xpyyls9lgphkaddin0knmlrjqpb14pf4-texlive-combined-full-2019/share/t
exmf/tex/latex/base/size12.clo
File: size12.clo 2019/12/20 v1.4l Standard LaTeX file (size option)
)
\c@part=\count167
\c@section=\count168
\c@subsection=\count169
\c@subsubsection=\count170
\c@paragraph=\count171
\c@subparagraph=\count172
\c@figure=\count173
\c@table=\count174
\abovecaptionskip=\skip47
\belowcaptionskip=\skip48
\bibindent=\dimen134
)
(/nix/store/xpyyls9lgphkaddin0knmlrjqpb14pf4-texlive-combined-full-2019/share/t
exmf/tex/latex/amsmath/amsmath.sty
Package: amsmath 2020/01/20 v2.17e AMS math features
\@mathmargin=\skip49

For additional information on amsmath, use the `?' option.

(/nix/store/xpyyls9lgphkaddin0knmlrjqpb14pf4-texlive-combined-full-2019/share/t
exmf/tex/latex/amsmath/amstext.sty
Package: amstext 2000/06/29 v2.01 AMS text

(/nix/store/xpyyls9lgphkaddin0knmlrjqpb14pf4-texlive-combined-full-2019/share/t
exmf/tex/latex/amsmath/amsgen.sty
File: amsgen.sty 1999/11/30 v2.0 generic functions
\@emptytoks=\toks15
\ex@=\dimen135
))
(/nix/store/xpyyls9lgphkaddin0knmlrjqpb14pf4-texlive-combined-full-2019/share/t
exmf/tex/latex/amsmath/amsbsy.sty
Package: amsbsy 1999/11/29 v1.2d Bold Symbols
\pmbraise@=\dimen136
)
(/nix/store/xpyyls9lgphkaddin0knmlrjqpb14pf4-texlive-combined-full-2019/share/t
exmf/tex/latex/amsmath/amsopn.sty
Package: amsopn 2016/03/08 v2.02 operator names
)
\inf@bad=\count175
LaTeX Info: Redefining \frac on input line 227.
\uproot@=\count176
\leftroot@=\count177
LaTeX Info: Redefining \overline on input line 389.
\classnum@=\count178
\DOTSCASE@=\count179
LaTeX Info: Redefining \ldots on input line 486.
LaTeX Info: Redefining \dots on input line 489.
LaTeX Info: Redefining \cdots on input line 610.
\Mathstrutbox@=\box45
\strutbox@=\box46
\big@size=\dimen137
LaTeX Font Info:    Redeclaring font encoding OML on input line 733.
LaTeX Font Info:    Redeclaring font encoding OMS on input line 734.
\macc@depth=\count180
\c@MaxMatrixCols=\count181
\dotsspace@=\muskip16
\c@parentequation=\count182
\dspbrk@lvl=\count183
\tag@help=\toks16
\row@=\count184
\column@=\count185
\maxfields@=\count186
\andhelp@=\toks17
\eqnshift@=\dimen138
\alignsep@=\dimen139
\tagshift@=\dimen140
\tagwidth@=\dimen141
\totwidth@=\dimen142
\lineht@=\dimen143
\@envbody=\toks18
\multlinegap=\skip50
\multlinetaggap=\skip51
\mathdisplay@stack=\toks19
LaTeX Info: Redefining \[ on input line 2859.
LaTeX Info: Redefining \] on input line 2860.
)
(/nix/store/xpyyls9lgphkaddin0knmlrjqpb14pf4-texlive-combined-full-2019/share/t
exmf/tex/latex/amsfonts/amssymb.sty
Package: amssymb 2013/01/14 v3.01 AMS font symbols

(/nix/store/xpyyls9lgphkaddin0knmlrjqpb14pf4-texlive-combined-full-2019/share/t
exmf/tex/latex/amsfonts/amsfonts.sty
Package: amsfonts 2013/01/14 v3.01 Basic AMSFonts support
\symAMSa=\mathgroup4
\symAMSb=\mathgroup5
LaTeX Font Info:    Redeclaring math symbol \hbar on input line 98.
LaTeX Font Info:    Overwriting math alphabet `\mathfrak' in version `bold'
(Font)                  U/euf/m/n --> U/euf/b/n on input line 106.
))
(/nix/store/xpyyls9lgphkaddin0knmlrjqpb14pf4-texlive-combined-full-2019/share/t
exmf/tex/latex/tools/calc.sty
Package: calc 2017/05/25 v4.3 Infix arithmetic (KKT,FJ)
\calc@Acount=\count187
\calc@Bcount=\count188
\calc@Adimen=\dimen144
\calc@Bdimen=\dimen145
\calc@Askip=\skip52
\calc@Bskip=\skip53
LaTeX Info: Redefining \setlength on input line 80.
LaTeX Info: Redefining \addtolength on input line 81.
\calc@Ccount=\count189
\calc@Cskip=\skip54
)
(/nix/store/xpyyls9lgphkaddin0knmlrjqpb14pf4-texlive-combined-full-2019/share/t
exmf/tex/latex/graphics/color.sty
Package: color 2019/11/23 v1.2a Standard LaTeX Color (DPC)

(/nix/store/xpyyls9lgphkaddin0knmlrjqpb14pf4-texlive-combined-full-2019/share/t
exmf/tex/latex/graphics-cfg/color.cfg
File: color.cfg 2016/01/02 v1.6 sample color configuration
)
Package color Info: Driver file: pdftex.def on input line 147.

(/nix/store/xpyyls9lgphkaddin0knmlrjqpb14pf4-texlive-combined-full-2019/share/t
exmf/tex/latex/graphics-def/pdftex.def
File: pdftex.def 2018/01/08 v1.0l Graphics/color driver for pdftex
))
(/nix/store/xpyyls9lgphkaddin0knmlrjqpb14pf4-texlive-combined-full-2019/share/t
exmf/tex/latex/commath/commath.sty
(/nix/store/xpyyls9lgphkaddin0knmlrjqpb14pf4-texlive-combined-full-2019/share/t
exmf/tex/latex/base/ifthen.sty
Package: ifthen 2014/09/29 v1.1c Standard LaTeX ifthen package (DPC)
))
(/nix/store/xpyyls9lgphkaddin0knmlrjqpb14pf4-texlive-combined-full-2019/share/t
exmf/tex/latex/fancyhdr/fancyhdr.sty
Package: fancyhdr 2019/01/31 v3.10 Extensive control of page headers and footer
s
\f@nch@headwidth=\skip55
\f@nch@O@elh=\skip56
\f@nch@O@erh=\skip57
\f@nch@O@olh=\skip58
\f@nch@O@orh=\skip59
\f@nch@O@elf=\skip60
\f@nch@O@erf=\skip61
\f@nch@O@olf=\skip62
\f@nch@O@orf=\skip63
)
(/nix/store/xpyyls9lgphkaddin0knmlrjqpb14pf4-texlive-combined-full-2019/share/t
exmf/tex/latex/geometry/geometry.sty
Package: geometry 2020/01/02 v5.9 Page Geometry

(/nix/store/xpyyls9lgphkaddin0knmlrjqpb14pf4-texlive-combined-full-2019/share/t
exmf/tex/latex/graphics/keyval.sty
Package: keyval 2014/10/28 v1.15 key=value parser (DPC)
\KV@toks@=\toks20
)
(/nix/store/xpyyls9lgphkaddin0knmlrjqpb14pf4-texlive-combined-full-2019/share/t
exmf/tex/generic/iftex/ifvtex.sty
Package: ifvtex 2019/10/25 v1.7 ifvtex legacy package. Use iftex instead.

(/nix/store/xpyyls9lgphkaddin0knmlrjqpb14pf4-texlive-combined-full-2019/share/t
exmf/tex/generic/iftex/iftex.sty
Package: iftex 2019/11/07 v1.0c TeX engine tests
))
\Gm@cnth=\count190
\Gm@cntv=\count191
\c@Gm@tempcnt=\count192
\Gm@bindingoffset=\dimen146
\Gm@wd@mp=\dimen147
\Gm@odd@mp=\dimen148
\Gm@even@mp=\dimen149
\Gm@layoutwidth=\dimen150
\Gm@layoutheight=\dimen151
\Gm@layouthoffset=\dimen152
\Gm@layoutvoffset=\dimen153
\Gm@dimlist=\toks21
)
(/nix/store/xpyyls9lgphkaddin0knmlrjqpb14pf4-texlive-combined-full-2019/share/t
exmf/tex/latex/lastpage/lastpage.sty
Package: lastpage 2015/03/29 v1.2m Refers to last page's name (HMM; JPG)
)
(/nix/store/xpyyls9lgphkaddin0knmlrjqpb14pf4-texlive-combined-full-2019/share/t
exmf/tex/latex/mathtools/mathtools.sty
Package: mathtools 2020/01/17 v1.23 mathematical typesetting tools

(/nix/store/xpyyls9lgphkaddin0knmlrjqpb14pf4-texlive-combined-full-2019/share/t
exmf/tex/latex/mathtools/mhsetup.sty
Package: mhsetup 2017/03/31 v1.3 programming setup (MH)
)
LaTeX Info: Thecontrolsequence`\('isalreadyrobust on input line 129.
LaTeX Info: Thecontrolsequence`\)'isalreadyrobust on input line 129.
LaTeX Info: Thecontrolsequence`\['isalreadyrobust on input line 129.
LaTeX Info: Thecontrolsequence`\]'isalreadyrobust on input line 129.
\g_MT_multlinerow_int=\count193
\l_MT_multwidth_dim=\dimen154
\origjot=\skip64
\l_MT_shortvdotswithinadjustabove_dim=\dimen155
\l_MT_shortvdotswithinadjustbelow_dim=\dimen156
\l_MT_above_intertext_sep=\dimen157
\l_MT_below_intertext_sep=\dimen158
\l_MT_above_shortintertext_sep=\dimen159
\l_MT_below_shortintertext_sep=\dimen160
)
(/nix/store/xpyyls9lgphkaddin0knmlrjqpb14pf4-texlive-combined-full-2019/share/t
exmf/tex/latex/siunitx/siunitx.sty
(/nix/store/xpyyls9lgphkaddin0knmlrjqpb14pf4-texlive-combined-full-2019/share/t
exmf/tex/latex/l3kernel/expl3.sty
Package: expl3 2020-02-25 L3 programming layer (loader) 

(/nix/store/xpyyls9lgphkaddin0knmlrjqpb14pf4-texlive-combined-full-2019/share/t
exmf/tex/latex/l3backend/l3backend-pdfmode.def
File: l3backend-pdfmode.def 2020-02-23 L3 backend support: PDF mode
\l__kernel_color_stack_int=\count194
\l__pdf_internal_box=\box47
))
(/nix/store/xpyyls9lgphkaddin0knmlrjqpb14pf4-texlive-combined-full-2019/share/t
exmf/tex/latex/l3packages/xparse/xparse.sty
Package: xparse 2020-02-25 L3 Experimental document command parser
\l__xparse_current_arg_int=\count195
\g__xparse_grabber_int=\count196
\l__xparse_m_args_int=\count197
\l__xparse_v_nesting_int=\count198
)
Package: siunitx 2020/02/25 v2.8b A comprehensive (SI) units package

(/nix/store/xpyyls9lgphkaddin0knmlrjqpb14pf4-texlive-combined-full-2019/share/t
exmf/tex/latex/tools/array.sty
Package: array 2019/08/31 v2.4l Tabular extension package (FMi)
\col@sep=\dimen161
\ar@mcellbox=\box48
\extrarowheight=\dimen162
\NC@list=\toks22
\extratabsurround=\skip65
\backup@length=\skip66
\ar@cellbox=\box49
)
(/nix/store/xpyyls9lgphkaddin0knmlrjqpb14pf4-texlive-combined-full-2019/share/t
exmf/tex/latex/l3packages/l3keys2e/l3keys2e.sty
Package: l3keys2e 2020-02-25 LaTeX2e option processing using LaTeX3 keys
)
\l__siunitx_tmp_box=\box50
\l__siunitx_tmp_dim=\dimen163
\l__siunitx_tmp_int=\count199
\l__siunitx_number_mantissa_length_int=\count266
\l__siunitx_number_uncert_length_int=\count267
\l__siunitx_round_int=\count268
\l__siunitx_process_decimal_int=\count269
\l__siunitx_process_uncertainty_int=\count270
\l__siunitx_process_fixed_int=\count271
\l__siunitx_process_integer_min_int=\count272
\l__siunitx_process_precision_int=\count273
\l__siunitx_group_min_int=\count274
\l__siunitx_angle_marker_box=\box51
\l__siunitx_angle_unit_box=\box52
\l__siunitx_angle_marker_dim=\dimen164
\l__siunitx_angle_unit_dim=\dimen165
\l__siunitx_unit_int=\count275
\l__siunitx_unit_denominator_int=\count276
\l__siunitx_unit_numerator_int=\count277
\l__siunitx_unit_prefix_int=\count278
\l__siunitx_unit_prefix_base_int=\count279
\l__siunitx_unit_prefix_gram_int=\count280
\l__siunitx_number_product_int=\count281
\c__siunitx_one_fill_skip=\skip67
\l__siunitx_table_unit_align_skip=\skip68
\l__siunitx_table_exponent_dim=\dimen166
\l__siunitx_table_integer_dim=\dimen167
\l__siunitx_table_mantissa_dim=\dimen168
\l__siunitx_table_marker_dim=\dimen169
\l__siunitx_table_result_dim=\dimen170
\l__siunitx_table_uncert_dim=\dimen171
\l__siunitx_table_fill_pre_dim=\dimen172
\l__siunitx_table_fill_post_dim=\dimen173
\l__siunitx_table_fill_mid_dim=\dimen174
\l__siunitx_table_pre_box=\box53
\l__siunitx_table_post_box=\box54
\l__siunitx_table_mantissa_box=\box55
\l__siunitx_table_result_box=\box56
\l__siunitx_table_number_align_skip=\skip69
\l__siunitx_table_text_align_skip=\skip70

(/nix/store/xpyyls9lgphkaddin0knmlrjqpb14pf4-texlive-combined-full-2019/share/t
exmf/tex/latex/translator/translator.sty
Package: translator 2019-05-31 v1.12a Easy translation of strings in LaTeX
))
(/nix/store/xpyyls9lgphkaddin0knmlrjqpb14pf4-texlive-combined-full-2019/share/t
exmf/tex/latex/todonotes/todonotes.sty
Package: todonotes 2019/01/24 v1.1.2 Todonotes source and documentation.
Package: todonotes 2018/11/22

(/nix/store/xpyyls9lgphkaddin0knmlrjqpb14pf4-texlive-combined-full-2019/share/t
exmf/tex/latex/xkeyval/xkeyval.sty
Package: xkeyval 2014/12/03 v2.7a package option processing (HA)

(/nix/store/xpyyls9lgphkaddin0knmlrjqpb14pf4-texlive-combined-full-2019/share/t
exmf/tex/generic/xkeyval/xkeyval.tex
(/nix/store/xpyyls9lgphkaddin0knmlrjqpb14pf4-texlive-combined-full-2019/share/t
exmf/tex/generic/xkeyval/xkvutils.tex
\XKV@toks=\toks23
\XKV@tempa@toks=\toks24
)
\XKV@depth=\count282
File: xkeyval.tex 2014/12/03 v2.7a key=value parser (HA)
))
(/nix/store/xpyyls9lgphkaddin0knmlrjqpb14pf4-texlive-combined-full-2019/share/t
exmf/tex/latex/xcolor/xcolor.sty
Package: xcolor 2016/05/11 v2.12 LaTeX color extensions (UK)

(/nix/store/xpyyls9lgphkaddin0knmlrjqpb14pf4-texlive-combined-full-2019/share/t
exmf/tex/latex/graphics-cfg/color.cfg
File: color.cfg 2016/01/02 v1.6 sample color configuration
)
Package xcolor Info: Driver file: pdftex.def on input line 225.
LaTeX Info: Redefining \color on input line 709.
Package xcolor Info: Model `cmy' substituted by `cmy0' on input line 1348.
Package xcolor Info: Model `hsb' substituted by `rgb' on input line 1352.
Package xcolor Info: Model `RGB' extended on input line 1364.
Package xcolor Info: Model `HTML' substituted by `rgb' on input line 1366.
Package xcolor Info: Model `Hsb' substituted by `hsb' on input line 1367.
Package xcolor Info: Model `tHsb' substituted by `hsb' on input line 1368.
Package xcolor Info: Model `HSB' substituted by `hsb' on input line 1369.
Package xcolor Info: Model `Gray' substituted by `gray' on input line 1370.
Package xcolor Info: Model `wave' substituted by `hsb' on input line 1371.
)
(/nix/store/xpyyls9lgphkaddin0knmlrjqpb14pf4-texlive-combined-full-2019/share/t
exmf/tex/latex/pgf/frontendlayer/tikz.sty
(/nix/store/xpyyls9lgphkaddin0knmlrjqpb14pf4-texlive-combined-full-2019/share/t
exmf/tex/latex/pgf/basiclayer/pgf.sty
(/nix/store/xpyyls9lgphkaddin0knmlrjqpb14pf4-texlive-combined-full-2019/share/t
exmf/tex/latex/pgf/utilities/pgfrcs.sty
(/nix/store/xpyyls9lgphkaddin0knmlrjqpb14pf4-texlive-combined-full-2019/share/t
exmf/tex/generic/pgf/utilities/pgfutil-common.tex
\pgfutil@everybye=\toks25
\pgfutil@tempdima=\dimen175
\pgfutil@tempdimb=\dimen176

(/nix/store/xpyyls9lgphkaddin0knmlrjqpb14pf4-texlive-combined-full-2019/share/t
exmf/tex/generic/pgf/utilities/pgfutil-common-lists.tex))
(/nix/store/xpyyls9lgphkaddin0knmlrjqpb14pf4-texlive-combined-full-2019/share/t
exmf/tex/generic/pgf/utilities/pgfutil-latex.def
\pgfutil@abb=\box57

(/nix/store/xpyyls9lgphkaddin0knmlrjqpb14pf4-texlive-combined-full-2019/share/t
exmf/tex/latex/ms/everyshi.sty
Package: everyshi 2001/05/15 v3.00 EveryShipout Package (MS)
))
(/nix/store/xpyyls9lgphkaddin0knmlrjqpb14pf4-texlive-combined-full-2019/share/t
exmf/tex/generic/pgf/utilities/pgfrcs.code.tex
(/nix/store/xpyyls9lgphkaddin0knmlrjqpb14pf4-texlive-combined-full-2019/share/t
exmf/tex/generic/pgf/pgf.revision.tex)
Package: pgfrcs 2020/01/08 v3.1.5b (3.1.5b)
))
Package: pgf 2020/01/08 v3.1.5b (3.1.5b)

(/nix/store/xpyyls9lgphkaddin0knmlrjqpb14pf4-texlive-combined-full-2019/share/t
exmf/tex/latex/pgf/basiclayer/pgfcore.sty
(/nix/store/xpyyls9lgphkaddin0knmlrjqpb14pf4-texlive-combined-full-2019/share/t
exmf/tex/latex/graphics/graphicx.sty
Package: graphicx 2019/11/30 v1.2a Enhanced LaTeX Graphics (DPC,SPQR)

(/nix/store/xpyyls9lgphkaddin0knmlrjqpb14pf4-texlive-combined-full-2019/share/t
exmf/tex/latex/graphics/graphics.sty
Package: graphics 2019/11/30 v1.4a Standard LaTeX Graphics (DPC,SPQR)

(/nix/store/xpyyls9lgphkaddin0knmlrjqpb14pf4-texlive-combined-full-2019/share/t
exmf/tex/latex/graphics/trig.sty
Package: trig 2016/01/03 v1.10 sin cos tan (DPC)
)
(/nix/store/xpyyls9lgphkaddin0knmlrjqpb14pf4-texlive-combined-full-2019/share/t
exmf/tex/latex/graphics-cfg/graphics.cfg
File: graphics.cfg 2016/06/04 v1.11 sample graphics configuration
)
Package graphics Info: Driver file: pdftex.def on input line 105.
)
\Gin@req@height=\dimen177
\Gin@req@width=\dimen178
)
(/nix/store/xpyyls9lgphkaddin0knmlrjqpb14pf4-texlive-combined-full-2019/share/t
exmf/tex/latex/pgf/systemlayer/pgfsys.sty
(/nix/store/xpyyls9lgphkaddin0knmlrjqpb14pf4-texlive-combined-full-2019/share/t
exmf/tex/generic/pgf/systemlayer/pgfsys.code.tex
Package: pgfsys 2020/01/08 v3.1.5b (3.1.5b)

(/nix/store/xpyyls9lgphkaddin0knmlrjqpb14pf4-texlive-combined-full-2019/share/t
exmf/tex/generic/pgf/utilities/pgfkeys.code.tex
\pgfkeys@pathtoks=\toks26
\pgfkeys@temptoks=\toks27

(/nix/store/xpyyls9lgphkaddin0knmlrjqpb14pf4-texlive-combined-full-2019/share/t
exmf/tex/generic/pgf/utilities/pgfkeysfiltered.code.tex
\pgfkeys@tmptoks=\toks28
))
\pgf@x=\dimen179
\pgf@y=\dimen180
\pgf@xa=\dimen181
\pgf@ya=\dimen182
\pgf@xb=\dimen183
\pgf@yb=\dimen184
\pgf@xc=\dimen185
\pgf@yc=\dimen186
\pgf@xd=\dimen187
\pgf@yd=\dimen188
\w@pgf@writea=\write3
\r@pgf@reada=\read2
\c@pgf@counta=\count283
\c@pgf@countb=\count284
\c@pgf@countc=\count285
\c@pgf@countd=\count286
\t@pgf@toka=\toks29
\t@pgf@tokb=\toks30
\t@pgf@tokc=\toks31
\pgf@sys@id@count=\count287

(/nix/store/xpyyls9lgphkaddin0knmlrjqpb14pf4-texlive-combined-full-2019/share/t
exmf/tex/generic/pgf/systemlayer/pgf.cfg
File: pgf.cfg 2020/01/08 v3.1.5b (3.1.5b)
)
Driver file for pgf: pgfsys-pdftex.def

(/nix/store/xpyyls9lgphkaddin0knmlrjqpb14pf4-texlive-combined-full-2019/share/t
exmf/tex/generic/pgf/systemlayer/pgfsys-pdftex.def
File: pgfsys-pdftex.def 2020/01/08 v3.1.5b (3.1.5b)

(/nix/store/xpyyls9lgphkaddin0knmlrjqpb14pf4-texlive-combined-full-2019/share/t
exmf/tex/generic/pgf/systemlayer/pgfsys-common-pdf.def
File: pgfsys-common-pdf.def 2020/01/08 v3.1.5b (3.1.5b)
)))
(/nix/store/xpyyls9lgphkaddin0knmlrjqpb14pf4-texlive-combined-full-2019/share/t
exmf/tex/generic/pgf/systemlayer/pgfsyssoftpath.code.tex
File: pgfsyssoftpath.code.tex 2020/01/08 v3.1.5b (3.1.5b)
\pgfsyssoftpath@smallbuffer@items=\count288
\pgfsyssoftpath@bigbuffer@items=\count289
)
(/nix/store/xpyyls9lgphkaddin0knmlrjqpb14pf4-texlive-combined-full-2019/share/t
exmf/tex/generic/pgf/systemlayer/pgfsysprotocol.code.tex
File: pgfsysprotocol.code.tex 2020/01/08 v3.1.5b (3.1.5b)
))
(/nix/store/xpyyls9lgphkaddin0knmlrjqpb14pf4-texlive-combined-full-2019/share/t
exmf/tex/generic/pgf/basiclayer/pgfcore.code.tex
Package: pgfcore 2020/01/08 v3.1.5b (3.1.5b)

(/nix/store/xpyyls9lgphkaddin0knmlrjqpb14pf4-texlive-combined-full-2019/share/t
exmf/tex/generic/pgf/math/pgfmath.code.tex
(/nix/store/xpyyls9lgphkaddin0knmlrjqpb14pf4-texlive-combined-full-2019/share/t
exmf/tex/generic/pgf/math/pgfmathcalc.code.tex
(/nix/store/xpyyls9lgphkaddin0knmlrjqpb14pf4-texlive-combined-full-2019/share/t
exmf/tex/generic/pgf/math/pgfmathutil.code.tex)
(/nix/store/xpyyls9lgphkaddin0knmlrjqpb14pf4-texlive-combined-full-2019/share/t
exmf/tex/generic/pgf/math/pgfmathparser.code.tex
\pgfmath@dimen=\dimen189
\pgfmath@count=\count290
\pgfmath@box=\box58
\pgfmath@toks=\toks32
\pgfmath@stack@operand=\toks33
\pgfmath@stack@operation=\toks34
)
(/nix/store/xpyyls9lgphkaddin0knmlrjqpb14pf4-texlive-combined-full-2019/share/t
exmf/tex/generic/pgf/math/pgfmathfunctions.code.tex
(/nix/store/xpyyls9lgphkaddin0knmlrjqpb14pf4-texlive-combined-full-2019/share/t
exmf/tex/generic/pgf/math/pgfmathfunctions.basic.code.tex)
(/nix/store/xpyyls9lgphkaddin0knmlrjqpb14pf4-texlive-combined-full-2019/share/t
exmf/tex/generic/pgf/math/pgfmathfunctions.trigonometric.code.tex)
(/nix/store/xpyyls9lgphkaddin0knmlrjqpb14pf4-texlive-combined-full-2019/share/t
exmf/tex/generic/pgf/math/pgfmathfunctions.random.code.tex)
(/nix/store/xpyyls9lgphkaddin0knmlrjqpb14pf4-texlive-combined-full-2019/share/t
exmf/tex/generic/pgf/math/pgfmathfunctions.comparison.code.tex)
(/nix/store/xpyyls9lgphkaddin0knmlrjqpb14pf4-texlive-combined-full-2019/share/t
exmf/tex/generic/pgf/math/pgfmathfunctions.base.code.tex)
(/nix/store/xpyyls9lgphkaddin0knmlrjqpb14pf4-texlive-combined-full-2019/share/t
exmf/tex/generic/pgf/math/pgfmathfunctions.round.code.tex)
(/nix/store/xpyyls9lgphkaddin0knmlrjqpb14pf4-texlive-combined-full-2019/share/t
exmf/tex/generic/pgf/math/pgfmathfunctions.misc.code.tex)
(/nix/store/xpyyls9lgphkaddin0knmlrjqpb14pf4-texlive-combined-full-2019/share/t
exmf/tex/generic/pgf/math/pgfmathfunctions.integerarithmetics.code.tex)))
(/nix/store/xpyyls9lgphkaddin0knmlrjqpb14pf4-texlive-combined-full-2019/share/t
exmf/tex/generic/pgf/math/pgfmathfloat.code.tex
\c@pgfmathroundto@lastzeros=\count291
))
(/nix/store/xpyyls9lgphkaddin0knmlrjqpb14pf4-texlive-combined-full-2019/share/t
exmf/tex/generic/pgf/math/pgfint.code.tex)
(/nix/store/xpyyls9lgphkaddin0knmlrjqpb14pf4-texlive-combined-full-2019/share/t
exmf/tex/generic/pgf/basiclayer/pgfcorepoints.code.tex
File: pgfcorepoints.code.tex 2020/01/08 v3.1.5b (3.1.5b)
\pgf@picminx=\dimen190
\pgf@picmaxx=\dimen191
\pgf@picminy=\dimen192
\pgf@picmaxy=\dimen193
\pgf@pathminx=\dimen194
\pgf@pathmaxx=\dimen195
\pgf@pathminy=\dimen196
\pgf@pathmaxy=\dimen197
\pgf@xx=\dimen198
\pgf@xy=\dimen199
\pgf@yx=\dimen256
\pgf@yy=\dimen257
\pgf@zx=\dimen258
\pgf@zy=\dimen259
)
(/nix/store/xpyyls9lgphkaddin0knmlrjqpb14pf4-texlive-combined-full-2019/share/t
exmf/tex/generic/pgf/basiclayer/pgfcorepathconstruct.code.tex
File: pgfcorepathconstruct.code.tex 2020/01/08 v3.1.5b (3.1.5b)
\pgf@path@lastx=\dimen260
\pgf@path@lasty=\dimen261
)
(/nix/store/xpyyls9lgphkaddin0knmlrjqpb14pf4-texlive-combined-full-2019/share/t
exmf/tex/generic/pgf/basiclayer/pgfcorepathusage.code.tex
File: pgfcorepathusage.code.tex 2020/01/08 v3.1.5b (3.1.5b)
\pgf@shorten@end@additional=\dimen262
\pgf@shorten@start@additional=\dimen263
)
(/nix/store/xpyyls9lgphkaddin0knmlrjqpb14pf4-texlive-combined-full-2019/share/t
exmf/tex/generic/pgf/basiclayer/pgfcorescopes.code.tex
File: pgfcorescopes.code.tex 2020/01/08 v3.1.5b (3.1.5b)
\pgfpic=\box59
\pgf@hbox=\box60
\pgf@layerbox@main=\box61
\pgf@picture@serial@count=\count292
)
(/nix/store/xpyyls9lgphkaddin0knmlrjqpb14pf4-texlive-combined-full-2019/share/t
exmf/tex/generic/pgf/basiclayer/pgfcoregraphicstate.code.tex
File: pgfcoregraphicstate.code.tex 2020/01/08 v3.1.5b (3.1.5b)
\pgflinewidth=\dimen264
)
(/nix/store/xpyyls9lgphkaddin0knmlrjqpb14pf4-texlive-combined-full-2019/share/t
exmf/tex/generic/pgf/basiclayer/pgfcoretransformations.code.tex
File: pgfcoretransformations.code.tex 2020/01/08 v3.1.5b (3.1.5b)
\pgf@pt@x=\dimen265
\pgf@pt@y=\dimen266
\pgf@pt@temp=\dimen267
)
(/nix/store/xpyyls9lgphkaddin0knmlrjqpb14pf4-texlive-combined-full-2019/share/t
exmf/tex/generic/pgf/basiclayer/pgfcorequick.code.tex
File: pgfcorequick.code.tex 2020/01/08 v3.1.5b (3.1.5b)
)
(/nix/store/xpyyls9lgphkaddin0knmlrjqpb14pf4-texlive-combined-full-2019/share/t
exmf/tex/generic/pgf/basiclayer/pgfcoreobjects.code.tex
File: pgfcoreobjects.code.tex 2020/01/08 v3.1.5b (3.1.5b)
)
(/nix/store/xpyyls9lgphkaddin0knmlrjqpb14pf4-texlive-combined-full-2019/share/t
exmf/tex/generic/pgf/basiclayer/pgfcorepathprocessing.code.tex
File: pgfcorepathprocessing.code.tex 2020/01/08 v3.1.5b (3.1.5b)
)
(/nix/store/xpyyls9lgphkaddin0knmlrjqpb14pf4-texlive-combined-full-2019/share/t
exmf/tex/generic/pgf/basiclayer/pgfcorearrows.code.tex
File: pgfcorearrows.code.tex 2020/01/08 v3.1.5b (3.1.5b)
\pgfarrowsep=\dimen268
)
(/nix/store/xpyyls9lgphkaddin0knmlrjqpb14pf4-texlive-combined-full-2019/share/t
exmf/tex/generic/pgf/basiclayer/pgfcoreshade.code.tex
File: pgfcoreshade.code.tex 2020/01/08 v3.1.5b (3.1.5b)
\pgf@max=\dimen269
\pgf@sys@shading@range@num=\count293
\pgf@shadingcount=\count294
)
(/nix/store/xpyyls9lgphkaddin0knmlrjqpb14pf4-texlive-combined-full-2019/share/t
exmf/tex/generic/pgf/basiclayer/pgfcoreimage.code.tex
File: pgfcoreimage.code.tex 2020/01/08 v3.1.5b (3.1.5b)

(/nix/store/xpyyls9lgphkaddin0knmlrjqpb14pf4-texlive-combined-full-2019/share/t
exmf/tex/generic/pgf/basiclayer/pgfcoreexternal.code.tex
File: pgfcoreexternal.code.tex 2020/01/08 v3.1.5b (3.1.5b)
\pgfexternal@startupbox=\box62
))
(/nix/store/xpyyls9lgphkaddin0knmlrjqpb14pf4-texlive-combined-full-2019/share/t
exmf/tex/generic/pgf/basiclayer/pgfcorelayers.code.tex
File: pgfcorelayers.code.tex 2020/01/08 v3.1.5b (3.1.5b)
)
(/nix/store/xpyyls9lgphkaddin0knmlrjqpb14pf4-texlive-combined-full-2019/share/t
exmf/tex/generic/pgf/basiclayer/pgfcoretransparency.code.tex
File: pgfcoretransparency.code.tex 2020/01/08 v3.1.5b (3.1.5b)
)
(/nix/store/xpyyls9lgphkaddin0knmlrjqpb14pf4-texlive-combined-full-2019/share/t
exmf/tex/generic/pgf/basiclayer/pgfcorepatterns.code.tex
File: pgfcorepatterns.code.tex 2020/01/08 v3.1.5b (3.1.5b)
)
(/nix/store/xpyyls9lgphkaddin0knmlrjqpb14pf4-texlive-combined-full-2019/share/t
exmf/tex/generic/pgf/basiclayer/pgfcorerdf.code.tex
File: pgfcorerdf.code.tex 2020/01/08 v3.1.5b (3.1.5b)
)))
(/nix/store/xpyyls9lgphkaddin0knmlrjqpb14pf4-texlive-combined-full-2019/share/t
exmf/tex/generic/pgf/modules/pgfmoduleshapes.code.tex
File: pgfmoduleshapes.code.tex 2020/01/08 v3.1.5b (3.1.5b)
\pgfnodeparttextbox=\box63
)
(/nix/store/xpyyls9lgphkaddin0knmlrjqpb14pf4-texlive-combined-full-2019/share/t
exmf/tex/generic/pgf/modules/pgfmoduleplot.code.tex
File: pgfmoduleplot.code.tex 2020/01/08 v3.1.5b (3.1.5b)
)
(/nix/store/xpyyls9lgphkaddin0knmlrjqpb14pf4-texlive-combined-full-2019/share/t
exmf/tex/latex/pgf/compatibility/pgfcomp-version-0-65.sty
Package: pgfcomp-version-0-65 2020/01/08 v3.1.5b (3.1.5b)
\pgf@nodesepstart=\dimen270
\pgf@nodesepend=\dimen271
)
(/nix/store/xpyyls9lgphkaddin0knmlrjqpb14pf4-texlive-combined-full-2019/share/t
exmf/tex/latex/pgf/compatibility/pgfcomp-version-1-18.sty
Package: pgfcomp-version-1-18 2020/01/08 v3.1.5b (3.1.5b)
))
(/nix/store/xpyyls9lgphkaddin0knmlrjqpb14pf4-texlive-combined-full-2019/share/t
exmf/tex/latex/pgf/utilities/pgffor.sty
(/nix/store/xpyyls9lgphkaddin0knmlrjqpb14pf4-texlive-combined-full-2019/share/t
exmf/tex/latex/pgf/utilities/pgfkeys.sty
(/nix/store/xpyyls9lgphkaddin0knmlrjqpb14pf4-texlive-combined-full-2019/share/t
exmf/tex/generic/pgf/utilities/pgfkeys.code.tex))
(/nix/store/xpyyls9lgphkaddin0knmlrjqpb14pf4-texlive-combined-full-2019/share/t
exmf/tex/latex/pgf/math/pgfmath.sty
(/nix/store/xpyyls9lgphkaddin0knmlrjqpb14pf4-texlive-combined-full-2019/share/t
exmf/tex/generic/pgf/math/pgfmath.code.tex))
(/nix/store/xpyyls9lgphkaddin0knmlrjqpb14pf4-texlive-combined-full-2019/share/t
exmf/tex/generic/pgf/utilities/pgffor.code.tex
Package: pgffor 2020/01/08 v3.1.5b (3.1.5b)

(/nix/store/xpyyls9lgphkaddin0knmlrjqpb14pf4-texlive-combined-full-2019/share/t
exmf/tex/generic/pgf/math/pgfmath.code.tex)
\pgffor@iter=\dimen272
\pgffor@skip=\dimen273
\pgffor@stack=\toks35
\pgffor@toks=\toks36
))
(/nix/store/xpyyls9lgphkaddin0knmlrjqpb14pf4-texlive-combined-full-2019/share/t
exmf/tex/generic/pgf/frontendlayer/tikz/tikz.code.tex
Package: tikz 2020/01/08 v3.1.5b (3.1.5b)

(/nix/store/xpyyls9lgphkaddin0knmlrjqpb14pf4-texlive-combined-full-2019/share/t
exmf/tex/generic/pgf/libraries/pgflibraryplothandlers.code.tex
File: pgflibraryplothandlers.code.tex 2020/01/08 v3.1.5b (3.1.5b)
\pgf@plot@mark@count=\count295
\pgfplotmarksize=\dimen274
)
\tikz@lastx=\dimen275
\tikz@lasty=\dimen276
\tikz@lastxsaved=\dimen277
\tikz@lastysaved=\dimen278
\tikz@lastmovetox=\dimen279
\tikz@lastmovetoy=\dimen280
\tikzleveldistance=\dimen281
\tikzsiblingdistance=\dimen282
\tikz@figbox=\box64
\tikz@figbox@bg=\box65
\tikz@tempbox=\box66
\tikz@tempbox@bg=\box67
\tikztreelevel=\count296
\tikznumberofchildren=\count297
\tikznumberofcurrentchild=\count298
\tikz@fig@count=\count299

(/nix/store/xpyyls9lgphkaddin0knmlrjqpb14pf4-texlive-combined-full-2019/share/t
exmf/tex/generic/pgf/modules/pgfmodulematrix.code.tex
File: pgfmodulematrix.code.tex 2020/01/08 v3.1.5b (3.1.5b)
\pgfmatrixcurrentrow=\count300
\pgfmatrixcurrentcolumn=\count301
\pgf@matrix@numberofcolumns=\count302
)
\tikz@expandcount=\count303

(/nix/store/xpyyls9lgphkaddin0knmlrjqpb14pf4-texlive-combined-full-2019/share/t
exmf/tex/generic/pgf/frontendlayer/tikz/libraries/tikzlibrarytopaths.code.tex
File: tikzlibrarytopaths.code.tex 2020/01/08 v3.1.5b (3.1.5b)
)))
(/nix/store/xpyyls9lgphkaddin0knmlrjqpb14pf4-texlive-combined-full-2019/share/t
exmf/tex/generic/pgf/frontendlayer/tikz/libraries/tikzlibrarypositioning.code.t
ex
File: tikzlibrarypositioning.code.tex 2020/01/08 v3.1.5b (3.1.5b)
)
(/nix/store/xpyyls9lgphkaddin0knmlrjqpb14pf4-texlive-combined-full-2019/share/t
exmf/tex/generic/pgf/frontendlayer/tikz/libraries/tikzlibraryshadows.code.tex
File: tikzlibraryshadows.code.tex 2020/01/08 v3.1.5b (3.1.5b)

(/nix/store/xpyyls9lgphkaddin0knmlrjqpb14pf4-texlive-combined-full-2019/share/t
exmf/tex/generic/pgf/frontendlayer/tikz/libraries/tikzlibraryfadings.code.tex
File: tikzlibraryfadings.code.tex 2020/01/08 v3.1.5b (3.1.5b)

(/nix/store/xpyyls9lgphkaddin0knmlrjqpb14pf4-texlive-combined-full-2019/share/t
exmf/tex/generic/pgf/libraries/pgflibraryfadings.code.tex
File: pgflibraryfadings.code.tex 2020/01/08 v3.1.5b (3.1.5b)
)))
\c@@todonotes@numberoftodonotes=\count304
) (./script.aux)
\openout1 = `script.aux'.

LaTeX Font Info:    Checking defaults for OML/cmm/m/it on input line 40.
LaTeX Font Info:    ... okay on input line 40.
LaTeX Font Info:    Checking defaults for OMS/cmsy/m/n on input line 40.
LaTeX Font Info:    ... okay on input line 40.
LaTeX Font Info:    Checking defaults for OT1/cmr/m/n on input line 40.
LaTeX Font Info:    ... okay on input line 40.
LaTeX Font Info:    Checking defaults for T1/cmr/m/n on input line 40.
LaTeX Font Info:    ... okay on input line 40.
LaTeX Font Info:    Checking defaults for TS1/cmr/m/n on input line 40.
LaTeX Font Info:    ... okay on input line 40.
LaTeX Font Info:    Checking defaults for OMX/cmex/m/n on input line 40.
LaTeX Font Info:    ... okay on input line 40.
LaTeX Font Info:    Checking defaults for U/cmr/m/n on input line 40.
LaTeX Font Info:    ... okay on input line 40.

(/nix/store/xpyyls9lgphkaddin0knmlrjqpb14pf4-texlive-combined-full-2019/share/t
exmf/tex/context/base/mkii/supp-pdf.mkii
[Loading MPS to PDF converter (version 2006.09.02).]
\scratchcounter=\count305
\scratchdimen=\dimen283
\scratchbox=\box68
\nofMPsegments=\count306
\nofMParguments=\count307
\everyMPshowfont=\toks37
\MPscratchCnt=\count308
\MPscratchDim=\dimen284
\MPnumerator=\count309
\makeMPintoPDFobject=\count310
\everyMPtoPDFconversion=\toks38
)
(/nix/store/xpyyls9lgphkaddin0knmlrjqpb14pf4-texlive-combined-full-2019/share/t
exmf/tex/latex/epstopdf-pkg/epstopdf-base.sty
Package: epstopdf-base 2020-01-24 v2.11 Base part for package epstopdf
Package epstopdf-base Info: Redefining graphics rule for `.eps' on input line 4
85.

(/nix/store/xpyyls9lgphkaddin0knmlrjqpb14pf4-texlive-combined-full-2019/share/t
exmf/tex/latex/latexconfig/epstopdf-sys.cfg
File: epstopdf-sys.cfg 2010/07/13 v1.3 Configuration of (r)epstopdf for TeX Liv
e
))
*geometry* driver: auto-detecting
*geometry* detected driver: pdftex
*geometry* verbose mode - [ preamble ] result:
* driver: pdftex
* paper: <default>
* layout: <same size as paper>
* layoutoffset:(h,v)=(0.0pt,0.0pt)
* modes: 
* h-part:(L,W,R)=(56.9055pt, 500.484pt, 56.9055pt)
* v-part:(T,H,B)=(113.81102pt, 567.34795pt, 113.81102pt)
* \paperwidth=614.295pt
* \paperheight=794.96999pt
* \textwidth=500.484pt
* \textheight=567.34795pt
* \oddsidemargin=-15.36449pt
* \evensidemargin=-15.36449pt
* \topmargin=4.54103pt
* \headheight=12.0pt
* \headsep=25.0pt
* \topskip=12.0pt
* \footskip=30.0pt
* \marginparwidth=44.0pt
* \marginparsep=10.0pt
* \columnsep=10.0pt
* \skip\footins=10.8pt plus 4.0pt minus 2.0pt
* \hoffset=0.0pt
* \voffset=0.0pt
* \mag=1000
* \@twocolumnfalse
* \@twosidefalse
* \@mparswitchfalse
* \@reversemarginfalse
* (1in=72.27pt=25.4mm, 1cm=28.453pt)

Package lastpage Info: Please have a look at the pageslts package at
(lastpage)             https://www.ctan.org/pkg/pageslts
(lastpage)             ! on input line 40.

(/nix/store/xpyyls9lgphkaddin0knmlrjqpb14pf4-texlive-combined-full-2019/share/t
exmf/tex/latex/translator/translator-basic-dictionary-English.dict
Dictionary: translator-basic-dictionary, Language: English 
)
(/nix/store/xpyyls9lgphkaddin0knmlrjqpb14pf4-texlive-combined-full-2019/share/t
exmf/tex/latex/siunitx/siunitx-abbreviations.cfg
File: siunitx-abbreviations.cfg 2017/11/26 v2.7k siunitx: Abbreviated units
)
ABD: EveryShipout initializing macros

Package todonotes Warning: The length marginparwidth is less than 2cm and will 
most likely cause issues with the appearance of inserted todonotes. The issue c
an be solved by adding a line like \setlength {\marginparwidth }{2cm} prior to 
loading the todonotes package. on input line 40.

LaTeX Font Info:    Trying to load font information for U+msa on input line 40.


(/nix/store/xpyyls9lgphkaddin0knmlrjqpb14pf4-texlive-combined-full-2019/share/t
exmf/tex/latex/amsfonts/umsa.fd
File: umsa.fd 2013/01/14 v3.01 AMS symbols A
)
LaTeX Font Info:    Trying to load font information for U+msb on input line 40.


(/nix/store/xpyyls9lgphkaddin0knmlrjqpb14pf4-texlive-combined-full-2019/share/t
exmf/tex/latex/amsfonts/umsb.fd
File: umsb.fd 2013/01/14 v3.01 AMS symbols B
) [1

{/nix/store/xpyyls9lgphkaddin0knmlrjqpb14pf4-texlive-combined-full-2019/share/t
exmf-var/fonts/map/pdftex/updmap/pdftex.map}] 
AED: lastpage setting LastPage
[2] (./script.aux) ) 
Here is how much of TeX's memory you used:
 17312 strings out of 480994
 377239 string characters out of 5888645
 574592 words of memory out of 5000000
 32511 multiletter control sequences out of 15000+600000
 542710 words of font info for 66 fonts, out of 8000000 for 9000
 1141 hyphenation exceptions out of 8191
 68i,7n,83p,416b,918s stack positions out of 5000i,500n,10000p,200000b,80000s
</nix/store/xpyyls9lgphkaddin0knmlrjqpb14pf4-texlive-combin
ed-full-2019/share/texmf/fonts/type1/public/amsfonts/cm/cmmi12.pfb></nix/store/
xpyyls9lgphkaddin0knmlrjqpb14pf4-texlive-combined-full-2019/share/texmf/fonts/t
ype1/public/amsfonts/cm/cmmi6.pfb></nix/store/xpyyls9lgphkaddin0knmlrjqpb14pf4-
texlive-combined-full-2019/share/texmf/fonts/type1/public/amsfonts/cm/cmmi8.pfb
></nix/store/xpyyls9lgphkaddin0knmlrjqpb14pf4-texlive-combined-full-2019/share/
texmf/fonts/type1/public/amsfonts/cm/cmr12.pfb></nix/store/xpyyls9lgphkaddin0kn
mlrjqpb14pf4-texlive-combined-full-2019/share/texmf/fonts/type1/public/amsfonts
/cm/cmr17.pfb></nix/store/xpyyls9lgphkaddin0knmlrjqpb14pf4-texlive-combined-ful
l-2019/share/texmf/fonts/type1/public/amsfonts/cm/cmr8.pfb></nix/store/xpyyls9l
gphkaddin0knmlrjqpb14pf4-texlive-combined-full-2019/share/texmf/fonts/type1/pub
lic/amsfonts/cm/cmsy10.pfb></nix/store/xpyyls9lgphkaddin0knmlrjqpb14pf4-texlive
-combined-full-2019/share/texmf/fonts/type1/public/amsfonts/cm/cmsy8.pfb>
Output written on script.pdf (2 pages, 78953 bytes).
PDF statistics:
 70 PDF objects out of 1000 (max. 8388607)
 41 compressed objects within 1 object stream
 0 named destinations out of 1000 (max. 500000)
 109 words of extra memory for PDF output out of 10000 (max. 10000000)

