This is pdfTeX, Version 3.14159265-2.6-1.40.20 (TeX Live 2019/NixOS.org) (preloaded format=pdflatex 2020.10.4)  13 OCT 2020 00:27
entering extended mode
 restricted \write18 enabled.
 %&-line parsing enabled.
**notes.tex
(./notes.tex
LaTeX2e <2020-02-02> patch level 5
L3 programming layer <2020-02-25>
(/nix/store/xpyyls9lgphkaddin0knmlrjqpb14pf4-texlive-combined-full-2019/share/t
exmf/tex/latex/base/article.cls
Document Class: article 2019/12/20 v1.4l Standard LaTeX document class

(/nix/store/xpyyls9lgphkaddin0knmlrjqpb14pf4-texlive-combined-full-2019/share/t
exmf/tex/latex/base/size12.clo
File: size12.clo 2019/12/20 v1.4l Standard LaTeX file (size option)
)
\c@part=\count167
\c@section=\count168
\c@subsection=\count169
\c@subsubsection=\count170
\c@paragraph=\count171
\c@subparagraph=\count172
\c@figure=\count173
\c@table=\count174
\abovecaptionskip=\skip47
\belowcaptionskip=\skip48
\bibindent=\dimen134
)
(/nix/store/xpyyls9lgphkaddin0knmlrjqpb14pf4-texlive-combined-full-2019/share/t
exmf/tex/latex/amsmath/amsmath.sty
Package: amsmath 2020/01/20 v2.17e AMS math features
\@mathmargin=\skip49

For additional information on amsmath, use the `?' option.

(/nix/store/xpyyls9lgphkaddin0knmlrjqpb14pf4-texlive-combined-full-2019/share/t
exmf/tex/latex/amsmath/amstext.sty
Package: amstext 2000/06/29 v2.01 AMS text

(/nix/store/xpyyls9lgphkaddin0knmlrjqpb14pf4-texlive-combined-full-2019/share/t
exmf/tex/latex/amsmath/amsgen.sty
File: amsgen.sty 1999/11/30 v2.0 generic functions
\@emptytoks=\toks15
\ex@=\dimen135
))
(/nix/store/xpyyls9lgphkaddin0knmlrjqpb14pf4-texlive-combined-full-2019/share/t
exmf/tex/latex/amsmath/amsbsy.sty
Package: amsbsy 1999/11/29 v1.2d Bold Symbols
\pmbraise@=\dimen136
)
(/nix/store/xpyyls9lgphkaddin0knmlrjqpb14pf4-texlive-combined-full-2019/share/t
exmf/tex/latex/amsmath/amsopn.sty
Package: amsopn 2016/03/08 v2.02 operator names
)
\inf@bad=\count175
LaTeX Info: Redefining \frac on input line 227.
\uproot@=\count176
\leftroot@=\count177
LaTeX Info: Redefining \overline on input line 389.
\classnum@=\count178
\DOTSCASE@=\count179
LaTeX Info: Redefining \ldots on input line 486.
LaTeX Info: Redefining \dots on input line 489.
LaTeX Info: Redefining \cdots on input line 610.
\Mathstrutbox@=\box45
\strutbox@=\box46
\big@size=\dimen137
LaTeX Font Info:    Redeclaring font encoding OML on input line 733.
LaTeX Font Info:    Redeclaring font encoding OMS on input line 734.
\macc@depth=\count180
\c@MaxMatrixCols=\count181
\dotsspace@=\muskip16
\c@parentequation=\count182
\dspbrk@lvl=\count183
\tag@help=\toks16
\row@=\count184
\column@=\count185
\maxfields@=\count186
\andhelp@=\toks17
\eqnshift@=\dimen138
\alignsep@=\dimen139
\tagshift@=\dimen140
\tagwidth@=\dimen141
\totwidth@=\dimen142
\lineht@=\dimen143
\@envbody=\toks18
\multlinegap=\skip50
\multlinetaggap=\skip51
\mathdisplay@stack=\toks19
LaTeX Info: Redefining \[ on input line 2859.
LaTeX Info: Redefining \] on input line 2860.
)
(/nix/store/xpyyls9lgphkaddin0knmlrjqpb14pf4-texlive-combined-full-2019/share/t
exmf/tex/latex/amsfonts/amssymb.sty
Package: amssymb 2013/01/14 v3.01 AMS font symbols

(/nix/store/xpyyls9lgphkaddin0knmlrjqpb14pf4-texlive-combined-full-2019/share/t
exmf/tex/latex/amsfonts/amsfonts.sty
Package: amsfonts 2013/01/14 v3.01 Basic AMSFonts support
\symAMSa=\mathgroup4
\symAMSb=\mathgroup5
LaTeX Font Info:    Redeclaring math symbol \hbar on input line 98.
LaTeX Font Info:    Overwriting math alphabet `\mathfrak' in version `bold'
(Font)                  U/euf/m/n --> U/euf/b/n on input line 106.
))
(/nix/store/xpyyls9lgphkaddin0knmlrjqpb14pf4-texlive-combined-full-2019/share/t
exmf/tex/latex/tools/calc.sty
Package: calc 2017/05/25 v4.3 Infix arithmetic (KKT,FJ)
\calc@Acount=\count187
\calc@Bcount=\count188
\calc@Adimen=\dimen144
\calc@Bdimen=\dimen145
\calc@Askip=\skip52
\calc@Bskip=\skip53
LaTeX Info: Redefining \setlength on input line 80.
LaTeX Info: Redefining \addtolength on input line 81.
\calc@Ccount=\count189
\calc@Cskip=\skip54
)
(/nix/store/xpyyls9lgphkaddin0knmlrjqpb14pf4-texlive-combined-full-2019/share/t
exmf/tex/latex/graphics/color.sty
Package: color 2019/11/23 v1.2a Standard LaTeX Color (DPC)

(/nix/store/xpyyls9lgphkaddin0knmlrjqpb14pf4-texlive-combined-full-2019/share/t
exmf/tex/latex/graphics-cfg/color.cfg
File: color.cfg 2016/01/02 v1.6 sample color configuration
)
Package color Info: Driver file: pdftex.def on input line 147.

(/nix/store/xpyyls9lgphkaddin0knmlrjqpb14pf4-texlive-combined-full-2019/share/t
exmf/tex/latex/graphics-def/pdftex.def
File: pdftex.def 2018/01/08 v1.0l Graphics/color driver for pdftex
))
(/nix/store/xpyyls9lgphkaddin0knmlrjqpb14pf4-texlive-combined-full-2019/share/t
exmf/tex/latex/commath/commath.sty
(/nix/store/xpyyls9lgphkaddin0knmlrjqpb14pf4-texlive-combined-full-2019/share/t
exmf/tex/latex/base/ifthen.sty
Package: ifthen 2014/09/29 v1.1c Standard LaTeX ifthen package (DPC)
))
(/nix/store/xpyyls9lgphkaddin0knmlrjqpb14pf4-texlive-combined-full-2019/share/t
exmf/tex/latex/fancyhdr/fancyhdr.sty
Package: fancyhdr 2019/01/31 v3.10 Extensive control of page headers and footer
s
\f@nch@headwidth=\skip55
\f@nch@O@elh=\skip56
\f@nch@O@erh=\skip57
\f@nch@O@olh=\skip58
\f@nch@O@orh=\skip59
\f@nch@O@elf=\skip60
\f@nch@O@erf=\skip61
\f@nch@O@olf=\skip62
\f@nch@O@orf=\skip63
)
(/nix/store/xpyyls9lgphkaddin0knmlrjqpb14pf4-texlive-combined-full-2019/share/t
exmf/tex/latex/geometry/geometry.sty
Package: geometry 2020/01/02 v5.9 Page Geometry

(/nix/store/xpyyls9lgphkaddin0knmlrjqpb14pf4-texlive-combined-full-2019/share/t
exmf/tex/latex/graphics/keyval.sty
Package: keyval 2014/10/28 v1.15 key=value parser (DPC)
\KV@toks@=\toks20
)
(/nix/store/xpyyls9lgphkaddin0knmlrjqpb14pf4-texlive-combined-full-2019/share/t
exmf/tex/generic/iftex/ifvtex.sty
Package: ifvtex 2019/10/25 v1.7 ifvtex legacy package. Use iftex instead.

(/nix/store/xpyyls9lgphkaddin0knmlrjqpb14pf4-texlive-combined-full-2019/share/t
exmf/tex/generic/iftex/iftex.sty
Package: iftex 2019/11/07 v1.0c TeX engine tests
))
\Gm@cnth=\count190
\Gm@cntv=\count191
\c@Gm@tempcnt=\count192
\Gm@bindingoffset=\dimen146
\Gm@wd@mp=\dimen147
\Gm@odd@mp=\dimen148
\Gm@even@mp=\dimen149
\Gm@layoutwidth=\dimen150
\Gm@layoutheight=\dimen151
\Gm@layouthoffset=\dimen152
\Gm@layoutvoffset=\dimen153
\Gm@dimlist=\toks21
)
(/nix/store/xpyyls9lgphkaddin0knmlrjqpb14pf4-texlive-combined-full-2019/share/t
exmf/tex/latex/lastpage/lastpage.sty
Package: lastpage 2015/03/29 v1.2m Refers to last page's name (HMM; JPG)
)
(/nix/store/xpyyls9lgphkaddin0knmlrjqpb14pf4-texlive-combined-full-2019/share/t
exmf/tex/latex/mathtools/mathtools.sty
Package: mathtools 2020/01/17 v1.23 mathematical typesetting tools

(/nix/store/xpyyls9lgphkaddin0knmlrjqpb14pf4-texlive-combined-full-2019/share/t
exmf/tex/latex/mathtools/mhsetup.sty
Package: mhsetup 2017/03/31 v1.3 programming setup (MH)
)
LaTeX Info: Thecontrolsequence`\('isalreadyrobust on input line 129.
LaTeX Info: Thecontrolsequence`\)'isalreadyrobust on input line 129.
LaTeX Info: Thecontrolsequence`\['isalreadyrobust on input line 129.
LaTeX Info: Thecontrolsequence`\]'isalreadyrobust on input line 129.
\g_MT_multlinerow_int=\count193
\l_MT_multwidth_dim=\dimen154
\origjot=\skip64
\l_MT_shortvdotswithinadjustabove_dim=\dimen155
\l_MT_shortvdotswithinadjustbelow_dim=\dimen156
\l_MT_above_intertext_sep=\dimen157
\l_MT_below_intertext_sep=\dimen158
\l_MT_above_shortintertext_sep=\dimen159
\l_MT_below_shortintertext_sep=\dimen160
)
(/nix/store/xpyyls9lgphkaddin0knmlrjqpb14pf4-texlive-combined-full-2019/share/t
exmf/tex/latex/siunitx/siunitx.sty
(/nix/store/xpyyls9lgphkaddin0knmlrjqpb14pf4-texlive-combined-full-2019/share/t
exmf/tex/latex/l3kernel/expl3.sty
Package: expl3 2020-02-25 L3 programming layer (loader) 

(/nix/store/xpyyls9lgphkaddin0knmlrjqpb14pf4-texlive-combined-full-2019/share/t
exmf/tex/latex/l3backend/l3backend-pdfmode.def
File: l3backend-pdfmode.def 2020-02-23 L3 backend support: PDF mode
\l__kernel_color_stack_int=\count194
\l__pdf_internal_box=\box47
))
(/nix/store/xpyyls9lgphkaddin0knmlrjqpb14pf4-texlive-combined-full-2019/share/t
exmf/tex/latex/l3packages/xparse/xparse.sty
Package: xparse 2020-02-25 L3 Experimental document command parser
\l__xparse_current_arg_int=\count195
\g__xparse_grabber_int=\count196
\l__xparse_m_args_int=\count197
\l__xparse_v_nesting_int=\count198
)
Package: siunitx 2020/02/25 v2.8b A comprehensive (SI) units package

(/nix/store/xpyyls9lgphkaddin0knmlrjqpb14pf4-texlive-combined-full-2019/share/t
exmf/tex/latex/tools/array.sty
Package: array 2019/08/31 v2.4l Tabular extension package (FMi)
\col@sep=\dimen161
\ar@mcellbox=\box48
\extrarowheight=\dimen162
\NC@list=\toks22
\extratabsurround=\skip65
\backup@length=\skip66
\ar@cellbox=\box49
)
(/nix/store/xpyyls9lgphkaddin0knmlrjqpb14pf4-texlive-combined-full-2019/share/t
exmf/tex/latex/l3packages/l3keys2e/l3keys2e.sty
Package: l3keys2e 2020-02-25 LaTeX2e option processing using LaTeX3 keys
)
\l__siunitx_tmp_box=\box50
\l__siunitx_tmp_dim=\dimen163
\l__siunitx_tmp_int=\count199
\l__siunitx_number_mantissa_length_int=\count266
\l__siunitx_number_uncert_length_int=\count267
\l__siunitx_round_int=\count268
\l__siunitx_process_decimal_int=\count269
\l__siunitx_process_uncertainty_int=\count270
\l__siunitx_process_fixed_int=\count271
\l__siunitx_process_integer_min_int=\count272
\l__siunitx_process_precision_int=\count273
\l__siunitx_group_min_int=\count274
\l__siunitx_angle_marker_box=\box51
\l__siunitx_angle_unit_box=\box52
\l__siunitx_angle_marker_dim=\dimen164
\l__siunitx_angle_unit_dim=\dimen165
\l__siunitx_unit_int=\count275
\l__siunitx_unit_denominator_int=\count276
\l__siunitx_unit_numerator_int=\count277
\l__siunitx_unit_prefix_int=\count278
\l__siunitx_unit_prefix_base_int=\count279
\l__siunitx_unit_prefix_gram_int=\count280
\l__siunitx_number_product_int=\count281
\c__siunitx_one_fill_skip=\skip67
\l__siunitx_table_unit_align_skip=\skip68
\l__siunitx_table_exponent_dim=\dimen166
\l__siunitx_table_integer_dim=\dimen167
\l__siunitx_table_mantissa_dim=\dimen168
\l__siunitx_table_marker_dim=\dimen169
\l__siunitx_table_result_dim=\dimen170
\l__siunitx_table_uncert_dim=\dimen171
\l__siunitx_table_fill_pre_dim=\dimen172
\l__siunitx_table_fill_post_dim=\dimen173
\l__siunitx_table_fill_mid_dim=\dimen174
\l__siunitx_table_pre_box=\box53
\l__siunitx_table_post_box=\box54
\l__siunitx_table_mantissa_box=\box55
\l__siunitx_table_result_box=\box56
\l__siunitx_table_number_align_skip=\skip69
\l__siunitx_table_text_align_skip=\skip70

(/nix/store/xpyyls9lgphkaddin0knmlrjqpb14pf4-texlive-combined-full-2019/share/t
exmf/tex/latex/translator/translator.sty
Package: translator 2019-05-31 v1.12a Easy translation of strings in LaTeX
)) (./notes.aux)
\openout1 = `notes.aux'.

LaTeX Font Info:    Checking defaults for OML/cmm/m/it on input line 51.
LaTeX Font Info:    ... okay on input line 51.
LaTeX Font Info:    Checking defaults for OMS/cmsy/m/n on input line 51.
LaTeX Font Info:    ... okay on input line 51.
LaTeX Font Info:    Checking defaults for OT1/cmr/m/n on input line 51.
LaTeX Font Info:    ... okay on input line 51.
LaTeX Font Info:    Checking defaults for T1/cmr/m/n on input line 51.
LaTeX Font Info:    ... okay on input line 51.
LaTeX Font Info:    Checking defaults for TS1/cmr/m/n on input line 51.
LaTeX Font Info:    ... okay on input line 51.
LaTeX Font Info:    Checking defaults for OMX/cmex/m/n on input line 51.
LaTeX Font Info:    ... okay on input line 51.
LaTeX Font Info:    Checking defaults for U/cmr/m/n on input line 51.
LaTeX Font Info:    ... okay on input line 51.

(/nix/store/xpyyls9lgphkaddin0knmlrjqpb14pf4-texlive-combined-full-2019/share/t
exmf/tex/context/base/mkii/supp-pdf.mkii
[Loading MPS to PDF converter (version 2006.09.02).]
\scratchcounter=\count282
\scratchdimen=\dimen175
\scratchbox=\box57
\nofMPsegments=\count283
\nofMParguments=\count284
\everyMPshowfont=\toks23
\MPscratchCnt=\count285
\MPscratchDim=\dimen176
\MPnumerator=\count286
\makeMPintoPDFobject=\count287
\everyMPtoPDFconversion=\toks24
)
*geometry* driver: auto-detecting
*geometry* detected driver: pdftex
*geometry* verbose mode - [ preamble ] result:
* driver: pdftex
* paper: <default>
* layout: <same size as paper>
* layoutoffset:(h,v)=(0.0pt,0.0pt)
* modes: 
* h-part:(L,W,R)=(56.9055pt, 500.484pt, 56.9055pt)
* v-part:(T,H,B)=(113.81102pt, 567.34795pt, 113.81102pt)
* \paperwidth=614.295pt
* \paperheight=794.96999pt
* \textwidth=500.484pt
* \textheight=567.34795pt
* \oddsidemargin=-15.36449pt
* \evensidemargin=-15.36449pt
* \topmargin=4.54103pt
* \headheight=12.0pt
* \headsep=25.0pt
* \topskip=12.0pt
* \footskip=30.0pt
* \marginparwidth=44.0pt
* \marginparsep=10.0pt
* \columnsep=10.0pt
* \skip\footins=10.8pt plus 4.0pt minus 2.0pt
* \hoffset=0.0pt
* \voffset=0.0pt
* \mag=1000
* \@twocolumnfalse
* \@twosidefalse
* \@mparswitchfalse
* \@reversemarginfalse
* (1in=72.27pt=25.4mm, 1cm=28.453pt)

Package lastpage Info: Please have a look at the pageslts package at
(lastpage)             https://www.ctan.org/pkg/pageslts
(lastpage)             ! on input line 51.

(/nix/store/xpyyls9lgphkaddin0knmlrjqpb14pf4-texlive-combined-full-2019/share/t
exmf/tex/latex/graphics/graphicx.sty
Package: graphicx 2019/11/30 v1.2a Enhanced LaTeX Graphics (DPC,SPQR)

(/nix/store/xpyyls9lgphkaddin0knmlrjqpb14pf4-texlive-combined-full-2019/share/t
exmf/tex/latex/graphics/graphics.sty
Package: graphics 2019/11/30 v1.4a Standard LaTeX Graphics (DPC,SPQR)

(/nix/store/xpyyls9lgphkaddin0knmlrjqpb14pf4-texlive-combined-full-2019/share/t
exmf/tex/latex/graphics/trig.sty
Package: trig 2016/01/03 v1.10 sin cos tan (DPC)
)
(/nix/store/xpyyls9lgphkaddin0knmlrjqpb14pf4-texlive-combined-full-2019/share/t
exmf/tex/latex/graphics-cfg/graphics.cfg
File: graphics.cfg 2016/06/04 v1.11 sample graphics configuration
)
Package graphics Info: Driver file: pdftex.def on input line 105.
)
\Gin@req@height=\dimen177
\Gin@req@width=\dimen178
)
(/nix/store/xpyyls9lgphkaddin0knmlrjqpb14pf4-texlive-combined-full-2019/share/t
exmf/tex/latex/translator/translator-basic-dictionary-English.dict
Dictionary: translator-basic-dictionary, Language: English 
)
(/nix/store/xpyyls9lgphkaddin0knmlrjqpb14pf4-texlive-combined-full-2019/share/t
exmf/tex/latex/siunitx/siunitx-abbreviations.cfg
File: siunitx-abbreviations.cfg 2017/11/26 v2.7k siunitx: Abbreviated units
)
LaTeX Font Info:    Trying to load font information for U+msa on input line 51.


(/nix/store/xpyyls9lgphkaddin0knmlrjqpb14pf4-texlive-combined-full-2019/share/t
exmf/tex/latex/amsfonts/umsa.fd
File: umsa.fd 2013/01/14 v3.01 AMS symbols A
)
LaTeX Font Info:    Trying to load font information for U+msb on input line 51.


(/nix/store/xpyyls9lgphkaddin0knmlrjqpb14pf4-texlive-combined-full-2019/share/t
exmf/tex/latex/amsfonts/umsb.fd
File: umsb.fd 2013/01/14 v3.01 AMS symbols B
) 
AED: lastpage setting LastPage
[1

{/nix/store/xpyyls9lgphkaddin0knmlrjqpb14pf4-texlive-combined-full-2019/share/t
exmf-var/fonts/map/pdftex/updmap/pdftex.map}] (./notes.aux) ) 
Here is how much of TeX's memory you used:
 6395 strings out of 480994
 133608 string characters out of 5888645
 361232 words of memory out of 5000000
 21845 multiletter control sequences out of 15000+600000
 543047 words of font info for 67 fonts, out of 8000000 for 9000
 1141 hyphenation exceptions out of 8191
 35i,5n,45p,325b,186s stack positions out of 5000i,500n,10000p,200000b,80000s
{/nix/store/xpyyls
9lgphkaddin0knmlrjqpb14pf4-texlive-combined-full-2019/share/texmf/fonts/enc/dvi
ps/cm-super/cm-super-ts1.enc}</nix/store/xpyyls9lgphkaddin0knmlrjqpb14pf4-texli
ve-combined-full-2019/share/texmf/fonts/type1/public/amsfonts/cm/cmmi12.pfb></n
ix/store/xpyyls9lgphkaddin0knmlrjqpb14pf4-texlive-combined-full-2019/share/texm
f/fonts/type1/public/amsfonts/cm/cmmi8.pfb></nix/store/xpyyls9lgphkaddin0knmlrj
qpb14pf4-texlive-combined-full-2019/share/texmf/fonts/type1/public/amsfonts/cm/
cmr12.pfb></nix/store/xpyyls9lgphkaddin0knmlrjqpb14pf4-texlive-combined-full-20
19/share/texmf/fonts/type1/public/amsfonts/cm/cmr17.pfb></nix/store/xpyyls9lgph
kaddin0knmlrjqpb14pf4-texlive-combined-full-2019/share/texmf/fonts/type1/public
/amsfonts/cm/cmr8.pfb></nix/store/xpyyls9lgphkaddin0knmlrjqpb14pf4-texlive-comb
ined-full-2019/share/texmf/fonts/type1/public/amsfonts/cm/cmsy10.pfb></nix/stor
e/xpyyls9lgphkaddin0knmlrjqpb14pf4-texlive-combined-full-2019/share/texmf/fonts
/type1/public/amsfonts/cm/cmsy8.pfb></nix/store/xpyyls9lgphkaddin0knmlrjqpb14pf
4-texlive-combined-full-2019/share/texmf/fonts/type1/public/cm-super/sfrm1200.p
fb>
Output written on notes.pdf (1 page, 68135 bytes).
PDF statistics:
 41 PDF objects out of 1000 (max. 8388607)
 29 compressed objects within 1 object stream
 0 named destinations out of 1000 (max. 500000)
 1 words of extra memory for PDF output out of 10000 (max. 10000000)

